ARM GAS  /tmp/ccPXpukx.s 			page 1


   1              		.syntax unified
   2              		.cpu cortex-m4
   3              		.fpu softvfp
   4              		.eabi_attribute 20, 1
   5              		.eabi_attribute 21, 1
   6              		.eabi_attribute 23, 3
   7              		.eabi_attribute 24, 1
   8              		.eabi_attribute 25, 1
   9              		.eabi_attribute 26, 1
  10              		.eabi_attribute 30, 2
  11              		.eabi_attribute 34, 1
  12              		.eabi_attribute 18, 4
  13              		.thumb
  14              		.file	"airmass.c"
  15              		.text
  16              	.Ltext0:
  17              		.cfi_sections	.debug_frame
  18              		.global	__aeabi_dmul
  19              		.global	__aeabi_dadd
  20              		.global	__aeabi_dsub
  21              		.section	.text.ln_get_airmass,"ax",%progbits
  22              		.align	2
  23              		.p2align 4,,15
  24              		.global	ln_get_airmass
  25              		.thumb
  26              		.thumb_func
  27              		.type	ln_get_airmass, %function
  28              	ln_get_airmass:
  29              	.LFB0:
  30              		.file 1 "./libnova/src/airmass.c"
  31              		.loc 1 34 0
  32              		.cfi_startproc
  33              		@ args = 0, pretend = 0, frame = 0
  34              		@ frame_needed = 0, uses_anonymous_args = 0
  35              	.LVL0:
  36 0000 2DE9F843 		push	{r3, r4, r5, r6, r7, r8, r9, lr}
  37              	.LCFI0:
  38              		.cfi_def_cfa_offset 32
  39              		.cfi_offset 3, -32
  40              		.cfi_offset 4, -28
  41              		.cfi_offset 5, -24
  42              		.cfi_offset 6, -20
  43              		.cfi_offset 7, -16
  44              		.cfi_offset 8, -12
  45              		.cfi_offset 9, -8
  46              		.cfi_offset 14, -4
  47              		.loc 1 34 0
  48 0004 1446     		mov	r4, r2
  49 0006 1D46     		mov	r5, r3
  50              		.loc 1 36 0
  51 0008 FFF7FEFF 		bl	ln_deg_to_rad
  52              	.LVL1:
  53 000c FFF7FEFF 		bl	sin
  54              	.LVL2:
  55 0010 2246     		mov	r2, r4
  56 0012 2B46     		mov	r3, r5
  57 0014 FFF7FEFF 		bl	__aeabi_dmul
ARM GAS  /tmp/ccPXpukx.s 			page 2


  58              	.LVL3:
  59              		.loc 1 37 0
  60 0018 0246     		mov	r2, r0
  61 001a 0B46     		mov	r3, r1
  62              		.loc 1 36 0
  63 001c 0646     		mov	r6, r0
  64 001e 0F46     		mov	r7, r1
  65              	.LVL4:
  66              		.loc 1 37 0
  67 0020 FFF7FEFF 		bl	__aeabi_dmul
  68              	.LVL5:
  69 0024 2246     		mov	r2, r4
  70 0026 8046     		mov	r8, r0
  71 0028 8946     		mov	r9, r1
  72 002a 2B46     		mov	r3, r5
  73 002c 2046     		mov	r0, r4
  74 002e 2946     		mov	r1, r5
  75 0030 FFF7FEFF 		bl	__aeabi_dadd
  76              	.LVL6:
  77 0034 0246     		mov	r2, r0
  78 0036 0B46     		mov	r3, r1
  79 0038 4046     		mov	r0, r8
  80 003a 4946     		mov	r1, r9
  81 003c FFF7FEFF 		bl	__aeabi_dadd
  82              	.LVL7:
  83 0040 0023     		movs	r3, #0
  84 0042 0022     		movs	r2, #0
  85 0044 C3F6F073 		movt	r3, 16368
  86 0048 FFF7FEFF 		bl	__aeabi_dadd
  87              	.LVL8:
  88 004c FFF7FEFF 		bl	sqrt
  89              	.LVL9:
  90 0050 3246     		mov	r2, r6
  91 0052 3B46     		mov	r3, r7
  92 0054 FFF7FEFF 		bl	__aeabi_dsub
  93              	.LVL10:
  94              		.loc 1 38 0
  95 0058 BDE8F883 		pop	{r3, r4, r5, r6, r7, r8, r9, pc}
  96              		.cfi_endproc
  97              	.LFE0:
  98              		.size	ln_get_airmass, .-ln_get_airmass
  99              		.global	__aeabi_ddiv
 100 005c AFF30080 		.section	.text.ln_get_alt_from_airmass,"ax",%progbits
 101              		.align	2
 102              		.p2align 4,,15
 103              		.global	ln_get_alt_from_airmass
 104              		.thumb
 105              		.thumb_func
 106              		.type	ln_get_alt_from_airmass, %function
 107              	ln_get_alt_from_airmass:
 108              	.LFB1:
 109              		.loc 1 46 0
 110              		.cfi_startproc
 111              		@ args = 0, pretend = 0, frame = 0
 112              		@ frame_needed = 0, uses_anonymous_args = 0
 113              	.LVL11:
 114 0000 2DE9F843 		push	{r3, r4, r5, r6, r7, r8, r9, lr}
ARM GAS  /tmp/ccPXpukx.s 			page 3


 115              	.LCFI1:
 116              		.cfi_def_cfa_offset 32
 117              		.cfi_offset 3, -32
 118              		.cfi_offset 4, -28
 119              		.cfi_offset 5, -24
 120              		.cfi_offset 6, -20
 121              		.cfi_offset 7, -16
 122              		.cfi_offset 8, -12
 123              		.cfi_offset 9, -8
 124              		.cfi_offset 14, -4
 125              		.loc 1 46 0
 126 0004 0446     		mov	r4, r0
 127 0006 0D46     		mov	r5, r1
 128              		.loc 1 47 0
 129 0008 1046     		mov	r0, r2
 130              	.LVL12:
 131 000a 1946     		mov	r1, r3
 132              		.loc 1 46 0
 133 000c 1646     		mov	r6, r2
 134 000e 1F46     		mov	r7, r3
 135              		.loc 1 47 0
 136 0010 FFF7FEFF 		bl	__aeabi_dadd
 137              	.LVL13:
 138 0014 0023     		movs	r3, #0
 139 0016 0022     		movs	r2, #0
 140 0018 C3F6F073 		movt	r3, 16368
 141 001c FFF7FEFF 		bl	__aeabi_dadd
 142              	.LVL14:
 143 0020 2246     		mov	r2, r4
 144 0022 8046     		mov	r8, r0
 145 0024 8946     		mov	r9, r1
 146 0026 2B46     		mov	r3, r5
 147 0028 2046     		mov	r0, r4
 148 002a 2946     		mov	r1, r5
 149 002c FFF7FEFF 		bl	__aeabi_dmul
 150              	.LVL15:
 151 0030 0246     		mov	r2, r0
 152 0032 0B46     		mov	r3, r1
 153 0034 4046     		mov	r0, r8
 154 0036 4946     		mov	r1, r9
 155 0038 FFF7FEFF 		bl	__aeabi_dsub
 156              	.LVL16:
 157 003c 2246     		mov	r2, r4
 158 003e 8046     		mov	r8, r0
 159 0040 8946     		mov	r9, r1
 160 0042 2B46     		mov	r3, r5
 161 0044 2046     		mov	r0, r4
 162 0046 2946     		mov	r1, r5
 163 0048 FFF7FEFF 		bl	__aeabi_dadd
 164              	.LVL17:
 165 004c 3246     		mov	r2, r6
 166 004e 3B46     		mov	r3, r7
 167 0050 FFF7FEFF 		bl	__aeabi_dmul
 168              	.LVL18:
 169 0054 0246     		mov	r2, r0
 170 0056 0B46     		mov	r3, r1
 171 0058 4046     		mov	r0, r8
ARM GAS  /tmp/ccPXpukx.s 			page 4


 172 005a 4946     		mov	r1, r9
 173 005c FFF7FEFF 		bl	__aeabi_ddiv
 174              	.LVL19:
 175 0060 FFF7FEFF 		bl	asin
 176              	.LVL20:
 177              		.loc 1 48 0
 178 0064 BDE8F843 		pop	{r3, r4, r5, r6, r7, r8, r9, lr}
 179              		.loc 1 47 0
 180 0068 FFF7FEBF 		b	ln_rad_to_deg
 181              	.LVL21:
 182              		.cfi_endproc
 183              	.LFE1:
 184              		.size	ln_get_alt_from_airmass, .-ln_get_alt_from_airmass
 185 006c AFF30080 		.text
 186              	.Letext0:
 187              		.file 2 "./libnova/src/libnova/utility.h"
 188              		.file 3 "/usr/bin/../lib/gcc/arm-none-eabi/4.7.4/../../../../arm-none-eabi/include/math.h"
 189              		.section	.debug_info,"",%progbits
 190              	.Ldebug_info0:
 191 0000 CC010000 		.4byte	0x1cc
 192 0004 0200     		.2byte	0x2
 193 0006 00000000 		.4byte	.Ldebug_abbrev0
 194 000a 04       		.byte	0x4
 195 000b 01       		.uleb128 0x1
 196 000c 4E010000 		.4byte	.LASF20
 197 0010 01       		.byte	0x1
 198 0011 D0000000 		.4byte	.LASF21
 199 0015 75000000 		.4byte	.LASF22
 200 0019 00000000 		.4byte	.Ldebug_ranges0+0
 201 001d 00000000 		.4byte	0
 202 0021 00000000 		.4byte	0
 203 0025 00000000 		.4byte	.Ldebug_line0
 204 0029 02       		.uleb128 0x2
 205 002a 08       		.byte	0x8
 206 002b 04       		.byte	0x4
 207 002c F1000000 		.4byte	.LASF0
 208 0030 02       		.uleb128 0x2
 209 0031 01       		.byte	0x1
 210 0032 06       		.byte	0x6
 211 0033 10010000 		.4byte	.LASF1
 212 0037 02       		.uleb128 0x2
 213 0038 01       		.byte	0x1
 214 0039 08       		.byte	0x8
 215 003a BD000000 		.4byte	.LASF2
 216 003e 02       		.uleb128 0x2
 217 003f 02       		.byte	0x2
 218 0040 05       		.byte	0x5
 219 0041 4E000000 		.4byte	.LASF3
 220 0045 02       		.uleb128 0x2
 221 0046 02       		.byte	0x2
 222 0047 07       		.byte	0x7
 223 0048 FD000000 		.4byte	.LASF4
 224 004c 03       		.uleb128 0x3
 225 004d 04       		.byte	0x4
 226 004e 05       		.byte	0x5
 227 004f 696E7400 		.ascii	"int\000"
 228 0053 02       		.uleb128 0x2
ARM GAS  /tmp/ccPXpukx.s 			page 5


 229 0054 04       		.byte	0x4
 230 0055 07       		.byte	0x7
 231 0056 0E000000 		.4byte	.LASF5
 232 005a 02       		.uleb128 0x2
 233 005b 08       		.byte	0x8
 234 005c 05       		.byte	0x5
 235 005d 00000000 		.4byte	.LASF6
 236 0061 02       		.uleb128 0x2
 237 0062 08       		.byte	0x8
 238 0063 07       		.byte	0x7
 239 0064 58000000 		.4byte	.LASF7
 240 0068 02       		.uleb128 0x2
 241 0069 04       		.byte	0x4
 242 006a 05       		.byte	0x5
 243 006b E8000000 		.4byte	.LASF8
 244 006f 02       		.uleb128 0x2
 245 0070 04       		.byte	0x4
 246 0071 07       		.byte	0x7
 247 0072 A6010000 		.4byte	.LASF9
 248 0076 02       		.uleb128 0x2
 249 0077 04       		.byte	0x4
 250 0078 07       		.byte	0x7
 251 0079 3C000000 		.4byte	.LASF10
 252 007d 02       		.uleb128 0x2
 253 007e 01       		.byte	0x1
 254 007f 08       		.byte	0x8
 255 0080 CB000000 		.4byte	.LASF11
 256 0084 02       		.uleb128 0x2
 257 0085 04       		.byte	0x4
 258 0086 04       		.byte	0x4
 259 0087 6F000000 		.4byte	.LASF12
 260 008b 02       		.uleb128 0x2
 261 008c 08       		.byte	0x8
 262 008d 04       		.byte	0x4
 263 008e 1C010000 		.4byte	.LASF13
 264 0092 04       		.uleb128 0x4
 265 0093 01       		.byte	0x1
 266 0094 97010000 		.4byte	.LASF15
 267 0098 01       		.byte	0x1
 268 0099 21       		.byte	0x21
 269 009a 01       		.byte	0x1
 270 009b 29000000 		.4byte	0x29
 271 009f 00000000 		.4byte	.LFB0
 272 00a3 5C000000 		.4byte	.LFE0
 273 00a7 00000000 		.4byte	.LLST0
 274 00ab 01       		.byte	0x1
 275 00ac 0D010000 		.4byte	0x10d
 276 00b0 05       		.uleb128 0x5
 277 00b1 616C7400 		.ascii	"alt\000"
 278 00b5 01       		.byte	0x1
 279 00b6 21       		.byte	0x21
 280 00b7 29000000 		.4byte	0x29
 281 00bb 20000000 		.4byte	.LLST1
 282 00bf 06       		.uleb128 0x6
 283 00c0 28010000 		.4byte	.LASF14
 284 00c4 01       		.byte	0x1
 285 00c5 21       		.byte	0x21
ARM GAS  /tmp/ccPXpukx.s 			page 6


 286 00c6 29000000 		.4byte	0x29
 287 00ca 48000000 		.4byte	.LLST2
 288 00ce 07       		.uleb128 0x7
 289 00cf 6100     		.ascii	"a\000"
 290 00d1 01       		.byte	0x1
 291 00d2 23       		.byte	0x23
 292 00d3 29000000 		.4byte	0x29
 293 00d7 06       		.byte	0x6
 294 00d8 56       		.byte	0x56
 295 00d9 93       		.byte	0x93
 296 00da 04       		.uleb128 0x4
 297 00db 57       		.byte	0x57
 298 00dc 93       		.byte	0x93
 299 00dd 04       		.uleb128 0x4
 300 00de 08       		.uleb128 0x8
 301 00df 0C000000 		.4byte	.LVL1
 302 00e3 5B010000 		.4byte	0x15b
 303 00e7 FA000000 		.4byte	0xfa
 304 00eb 09       		.uleb128 0x9
 305 00ec 06       		.byte	0x6
 306 00ed 50       		.byte	0x50
 307 00ee 93       		.byte	0x93
 308 00ef 04       		.uleb128 0x4
 309 00f0 51       		.byte	0x51
 310 00f1 93       		.byte	0x93
 311 00f2 04       		.uleb128 0x4
 312 00f3 05       		.byte	0x5
 313 00f4 F3       		.byte	0xf3
 314 00f5 03       		.uleb128 0x3
 315 00f6 F5       		.byte	0xf5
 316 00f7 00       		.uleb128 0
 317 00f8 29       		.uleb128 0x29
 318 00f9 00       		.byte	0
 319 00fa 0A       		.uleb128 0xa
 320 00fb 10000000 		.4byte	.LVL2
 321 00ff 73010000 		.4byte	0x173
 322 0103 0A       		.uleb128 0xa
 323 0104 50000000 		.4byte	.LVL9
 324 0108 8B010000 		.4byte	0x18b
 325 010c 00       		.byte	0
 326 010d 04       		.uleb128 0x4
 327 010e 01       		.byte	0x1
 328 010f 36010000 		.4byte	.LASF16
 329 0113 01       		.byte	0x1
 330 0114 2D       		.byte	0x2d
 331 0115 01       		.byte	0x1
 332 0116 29000000 		.4byte	0x29
 333 011a 00000000 		.4byte	.LFB1
 334 011e 6C000000 		.4byte	.LFE1
 335 0122 70000000 		.4byte	.LLST3
 336 0126 01       		.byte	0x1
 337 0127 5B010000 		.4byte	0x15b
 338 012b 05       		.uleb128 0x5
 339 012c 5800     		.ascii	"X\000"
 340 012e 01       		.byte	0x1
 341 012f 2D       		.byte	0x2d
 342 0130 29000000 		.4byte	0x29
ARM GAS  /tmp/ccPXpukx.s 			page 7


 343 0134 90000000 		.4byte	.LLST4
 344 0138 06       		.uleb128 0x6
 345 0139 28010000 		.4byte	.LASF14
 346 013d 01       		.byte	0x1
 347 013e 2D       		.byte	0x2d
 348 013f 29000000 		.4byte	0x29
 349 0143 B8000000 		.4byte	.LLST5
 350 0147 0A       		.uleb128 0xa
 351 0148 64000000 		.4byte	.LVL20
 352 014c A3010000 		.4byte	0x1a3
 353 0150 0B       		.uleb128 0xb
 354 0151 6C000000 		.4byte	.LVL21
 355 0155 01       		.byte	0x1
 356 0156 BB010000 		.4byte	0x1bb
 357 015a 00       		.byte	0
 358 015b 0C       		.uleb128 0xc
 359 015c 01       		.byte	0x1
 360 015d 1B000000 		.4byte	.LASF17
 361 0161 02       		.byte	0x2
 362 0162 53       		.byte	0x53
 363 0163 01       		.byte	0x1
 364 0164 29000000 		.4byte	0x29
 365 0168 01       		.byte	0x1
 366 0169 73010000 		.4byte	0x173
 367 016d 0D       		.uleb128 0xd
 368 016e 29000000 		.4byte	0x29
 369 0172 00       		.byte	0
 370 0173 0E       		.uleb128 0xe
 371 0174 01       		.byte	0x1
 372 0175 73696E00 		.ascii	"sin\000"
 373 0179 03       		.byte	0x3
 374 017a 6E       		.byte	0x6e
 375 017b 01       		.byte	0x1
 376 017c 29000000 		.4byte	0x29
 377 0180 01       		.byte	0x1
 378 0181 8B010000 		.4byte	0x18b
 379 0185 0D       		.uleb128 0xd
 380 0186 29000000 		.4byte	0x29
 381 018a 00       		.byte	0
 382 018b 0C       		.uleb128 0xc
 383 018c 01       		.byte	0x1
 384 018d 37000000 		.4byte	.LASF18
 385 0191 03       		.byte	0x3
 386 0192 86       		.byte	0x86
 387 0193 01       		.byte	0x1
 388 0194 29000000 		.4byte	0x29
 389 0198 01       		.byte	0x1
 390 0199 A3010000 		.4byte	0x1a3
 391 019d 0D       		.uleb128 0xd
 392 019e 29000000 		.4byte	0x29
 393 01a2 00       		.byte	0
 394 01a3 0C       		.uleb128 0xc
 395 01a4 01       		.byte	0x1
 396 01a5 F8000000 		.4byte	.LASF19
 397 01a9 03       		.byte	0x3
 398 01aa 7D       		.byte	0x7d
 399 01ab 01       		.byte	0x1
ARM GAS  /tmp/ccPXpukx.s 			page 8


 400 01ac 29000000 		.4byte	0x29
 401 01b0 01       		.byte	0x1
 402 01b1 BB010000 		.4byte	0x1bb
 403 01b5 0D       		.uleb128 0xd
 404 01b6 29000000 		.4byte	0x29
 405 01ba 00       		.byte	0
 406 01bb 0F       		.uleb128 0xf
 407 01bc 01       		.byte	0x1
 408 01bd 29000000 		.4byte	.LASF23
 409 01c1 02       		.byte	0x2
 410 01c2 4D       		.byte	0x4d
 411 01c3 01       		.byte	0x1
 412 01c4 29000000 		.4byte	0x29
 413 01c8 01       		.byte	0x1
 414 01c9 0D       		.uleb128 0xd
 415 01ca 29000000 		.4byte	0x29
 416 01ce 00       		.byte	0
 417 01cf 00       		.byte	0
 418              		.section	.debug_abbrev,"",%progbits
 419              	.Ldebug_abbrev0:
 420 0000 01       		.uleb128 0x1
 421 0001 11       		.uleb128 0x11
 422 0002 01       		.byte	0x1
 423 0003 25       		.uleb128 0x25
 424 0004 0E       		.uleb128 0xe
 425 0005 13       		.uleb128 0x13
 426 0006 0B       		.uleb128 0xb
 427 0007 03       		.uleb128 0x3
 428 0008 0E       		.uleb128 0xe
 429 0009 1B       		.uleb128 0x1b
 430 000a 0E       		.uleb128 0xe
 431 000b 55       		.uleb128 0x55
 432 000c 06       		.uleb128 0x6
 433 000d 11       		.uleb128 0x11
 434 000e 01       		.uleb128 0x1
 435 000f 52       		.uleb128 0x52
 436 0010 01       		.uleb128 0x1
 437 0011 10       		.uleb128 0x10
 438 0012 06       		.uleb128 0x6
 439 0013 00       		.byte	0
 440 0014 00       		.byte	0
 441 0015 02       		.uleb128 0x2
 442 0016 24       		.uleb128 0x24
 443 0017 00       		.byte	0
 444 0018 0B       		.uleb128 0xb
 445 0019 0B       		.uleb128 0xb
 446 001a 3E       		.uleb128 0x3e
 447 001b 0B       		.uleb128 0xb
 448 001c 03       		.uleb128 0x3
 449 001d 0E       		.uleb128 0xe
 450 001e 00       		.byte	0
 451 001f 00       		.byte	0
 452 0020 03       		.uleb128 0x3
 453 0021 24       		.uleb128 0x24
 454 0022 00       		.byte	0
 455 0023 0B       		.uleb128 0xb
 456 0024 0B       		.uleb128 0xb
ARM GAS  /tmp/ccPXpukx.s 			page 9


 457 0025 3E       		.uleb128 0x3e
 458 0026 0B       		.uleb128 0xb
 459 0027 03       		.uleb128 0x3
 460 0028 08       		.uleb128 0x8
 461 0029 00       		.byte	0
 462 002a 00       		.byte	0
 463 002b 04       		.uleb128 0x4
 464 002c 2E       		.uleb128 0x2e
 465 002d 01       		.byte	0x1
 466 002e 3F       		.uleb128 0x3f
 467 002f 0C       		.uleb128 0xc
 468 0030 03       		.uleb128 0x3
 469 0031 0E       		.uleb128 0xe
 470 0032 3A       		.uleb128 0x3a
 471 0033 0B       		.uleb128 0xb
 472 0034 3B       		.uleb128 0x3b
 473 0035 0B       		.uleb128 0xb
 474 0036 27       		.uleb128 0x27
 475 0037 0C       		.uleb128 0xc
 476 0038 49       		.uleb128 0x49
 477 0039 13       		.uleb128 0x13
 478 003a 11       		.uleb128 0x11
 479 003b 01       		.uleb128 0x1
 480 003c 12       		.uleb128 0x12
 481 003d 01       		.uleb128 0x1
 482 003e 40       		.uleb128 0x40
 483 003f 06       		.uleb128 0x6
 484 0040 9642     		.uleb128 0x2116
 485 0042 0C       		.uleb128 0xc
 486 0043 01       		.uleb128 0x1
 487 0044 13       		.uleb128 0x13
 488 0045 00       		.byte	0
 489 0046 00       		.byte	0
 490 0047 05       		.uleb128 0x5
 491 0048 05       		.uleb128 0x5
 492 0049 00       		.byte	0
 493 004a 03       		.uleb128 0x3
 494 004b 08       		.uleb128 0x8
 495 004c 3A       		.uleb128 0x3a
 496 004d 0B       		.uleb128 0xb
 497 004e 3B       		.uleb128 0x3b
 498 004f 0B       		.uleb128 0xb
 499 0050 49       		.uleb128 0x49
 500 0051 13       		.uleb128 0x13
 501 0052 02       		.uleb128 0x2
 502 0053 06       		.uleb128 0x6
 503 0054 00       		.byte	0
 504 0055 00       		.byte	0
 505 0056 06       		.uleb128 0x6
 506 0057 05       		.uleb128 0x5
 507 0058 00       		.byte	0
 508 0059 03       		.uleb128 0x3
 509 005a 0E       		.uleb128 0xe
 510 005b 3A       		.uleb128 0x3a
 511 005c 0B       		.uleb128 0xb
 512 005d 3B       		.uleb128 0x3b
 513 005e 0B       		.uleb128 0xb
ARM GAS  /tmp/ccPXpukx.s 			page 10


 514 005f 49       		.uleb128 0x49
 515 0060 13       		.uleb128 0x13
 516 0061 02       		.uleb128 0x2
 517 0062 06       		.uleb128 0x6
 518 0063 00       		.byte	0
 519 0064 00       		.byte	0
 520 0065 07       		.uleb128 0x7
 521 0066 34       		.uleb128 0x34
 522 0067 00       		.byte	0
 523 0068 03       		.uleb128 0x3
 524 0069 08       		.uleb128 0x8
 525 006a 3A       		.uleb128 0x3a
 526 006b 0B       		.uleb128 0xb
 527 006c 3B       		.uleb128 0x3b
 528 006d 0B       		.uleb128 0xb
 529 006e 49       		.uleb128 0x49
 530 006f 13       		.uleb128 0x13
 531 0070 02       		.uleb128 0x2
 532 0071 0A       		.uleb128 0xa
 533 0072 00       		.byte	0
 534 0073 00       		.byte	0
 535 0074 08       		.uleb128 0x8
 536 0075 898201   		.uleb128 0x4109
 537 0078 01       		.byte	0x1
 538 0079 11       		.uleb128 0x11
 539 007a 01       		.uleb128 0x1
 540 007b 31       		.uleb128 0x31
 541 007c 13       		.uleb128 0x13
 542 007d 01       		.uleb128 0x1
 543 007e 13       		.uleb128 0x13
 544 007f 00       		.byte	0
 545 0080 00       		.byte	0
 546 0081 09       		.uleb128 0x9
 547 0082 8A8201   		.uleb128 0x410a
 548 0085 00       		.byte	0
 549 0086 02       		.uleb128 0x2
 550 0087 0A       		.uleb128 0xa
 551 0088 9142     		.uleb128 0x2111
 552 008a 0A       		.uleb128 0xa
 553 008b 00       		.byte	0
 554 008c 00       		.byte	0
 555 008d 0A       		.uleb128 0xa
 556 008e 898201   		.uleb128 0x4109
 557 0091 00       		.byte	0
 558 0092 11       		.uleb128 0x11
 559 0093 01       		.uleb128 0x1
 560 0094 31       		.uleb128 0x31
 561 0095 13       		.uleb128 0x13
 562 0096 00       		.byte	0
 563 0097 00       		.byte	0
 564 0098 0B       		.uleb128 0xb
 565 0099 898201   		.uleb128 0x4109
 566 009c 00       		.byte	0
 567 009d 11       		.uleb128 0x11
 568 009e 01       		.uleb128 0x1
 569 009f 9542     		.uleb128 0x2115
 570 00a1 0C       		.uleb128 0xc
ARM GAS  /tmp/ccPXpukx.s 			page 11


 571 00a2 31       		.uleb128 0x31
 572 00a3 13       		.uleb128 0x13
 573 00a4 00       		.byte	0
 574 00a5 00       		.byte	0
 575 00a6 0C       		.uleb128 0xc
 576 00a7 2E       		.uleb128 0x2e
 577 00a8 01       		.byte	0x1
 578 00a9 3F       		.uleb128 0x3f
 579 00aa 0C       		.uleb128 0xc
 580 00ab 03       		.uleb128 0x3
 581 00ac 0E       		.uleb128 0xe
 582 00ad 3A       		.uleb128 0x3a
 583 00ae 0B       		.uleb128 0xb
 584 00af 3B       		.uleb128 0x3b
 585 00b0 0B       		.uleb128 0xb
 586 00b1 27       		.uleb128 0x27
 587 00b2 0C       		.uleb128 0xc
 588 00b3 49       		.uleb128 0x49
 589 00b4 13       		.uleb128 0x13
 590 00b5 3C       		.uleb128 0x3c
 591 00b6 0C       		.uleb128 0xc
 592 00b7 01       		.uleb128 0x1
 593 00b8 13       		.uleb128 0x13
 594 00b9 00       		.byte	0
 595 00ba 00       		.byte	0
 596 00bb 0D       		.uleb128 0xd
 597 00bc 05       		.uleb128 0x5
 598 00bd 00       		.byte	0
 599 00be 49       		.uleb128 0x49
 600 00bf 13       		.uleb128 0x13
 601 00c0 00       		.byte	0
 602 00c1 00       		.byte	0
 603 00c2 0E       		.uleb128 0xe
 604 00c3 2E       		.uleb128 0x2e
 605 00c4 01       		.byte	0x1
 606 00c5 3F       		.uleb128 0x3f
 607 00c6 0C       		.uleb128 0xc
 608 00c7 03       		.uleb128 0x3
 609 00c8 08       		.uleb128 0x8
 610 00c9 3A       		.uleb128 0x3a
 611 00ca 0B       		.uleb128 0xb
 612 00cb 3B       		.uleb128 0x3b
 613 00cc 0B       		.uleb128 0xb
 614 00cd 27       		.uleb128 0x27
 615 00ce 0C       		.uleb128 0xc
 616 00cf 49       		.uleb128 0x49
 617 00d0 13       		.uleb128 0x13
 618 00d1 3C       		.uleb128 0x3c
 619 00d2 0C       		.uleb128 0xc
 620 00d3 01       		.uleb128 0x1
 621 00d4 13       		.uleb128 0x13
 622 00d5 00       		.byte	0
 623 00d6 00       		.byte	0
 624 00d7 0F       		.uleb128 0xf
 625 00d8 2E       		.uleb128 0x2e
 626 00d9 01       		.byte	0x1
 627 00da 3F       		.uleb128 0x3f
ARM GAS  /tmp/ccPXpukx.s 			page 12


 628 00db 0C       		.uleb128 0xc
 629 00dc 03       		.uleb128 0x3
 630 00dd 0E       		.uleb128 0xe
 631 00de 3A       		.uleb128 0x3a
 632 00df 0B       		.uleb128 0xb
 633 00e0 3B       		.uleb128 0x3b
 634 00e1 0B       		.uleb128 0xb
 635 00e2 27       		.uleb128 0x27
 636 00e3 0C       		.uleb128 0xc
 637 00e4 49       		.uleb128 0x49
 638 00e5 13       		.uleb128 0x13
 639 00e6 3C       		.uleb128 0x3c
 640 00e7 0C       		.uleb128 0xc
 641 00e8 00       		.byte	0
 642 00e9 00       		.byte	0
 643 00ea 00       		.byte	0
 644              		.section	.debug_loc,"",%progbits
 645              	.Ldebug_loc0:
 646              	.LLST0:
 647 0000 00000000 		.4byte	.LFB0
 648 0004 04000000 		.4byte	.LCFI0
 649 0008 0200     		.2byte	0x2
 650 000a 7D       		.byte	0x7d
 651 000b 00       		.sleb128 0
 652 000c 04000000 		.4byte	.LCFI0
 653 0010 5C000000 		.4byte	.LFE0
 654 0014 0200     		.2byte	0x2
 655 0016 7D       		.byte	0x7d
 656 0017 20       		.sleb128 32
 657 0018 00000000 		.4byte	0
 658 001c 00000000 		.4byte	0
 659              	.LLST1:
 660 0020 00000000 		.4byte	.LVL0
 661 0024 0B000000 		.4byte	.LVL1-1
 662 0028 0600     		.2byte	0x6
 663 002a 50       		.byte	0x50
 664 002b 93       		.byte	0x93
 665 002c 04       		.uleb128 0x4
 666 002d 51       		.byte	0x51
 667 002e 93       		.byte	0x93
 668 002f 04       		.uleb128 0x4
 669 0030 0B000000 		.4byte	.LVL1-1
 670 0034 5C000000 		.4byte	.LFE0
 671 0038 0600     		.2byte	0x6
 672 003a F3       		.byte	0xf3
 673 003b 03       		.uleb128 0x3
 674 003c F5       		.byte	0xf5
 675 003d 00       		.uleb128 0
 676 003e 29       		.uleb128 0x29
 677 003f 9F       		.byte	0x9f
 678 0040 00000000 		.4byte	0
 679 0044 00000000 		.4byte	0
 680              	.LLST2:
 681 0048 00000000 		.4byte	.LVL0
 682 004c 0B000000 		.4byte	.LVL1-1
 683 0050 0600     		.2byte	0x6
 684 0052 52       		.byte	0x52
ARM GAS  /tmp/ccPXpukx.s 			page 13


 685 0053 93       		.byte	0x93
 686 0054 04       		.uleb128 0x4
 687 0055 53       		.byte	0x53
 688 0056 93       		.byte	0x93
 689 0057 04       		.uleb128 0x4
 690 0058 0B000000 		.4byte	.LVL1-1
 691 005c 5C000000 		.4byte	.LFE0
 692 0060 0600     		.2byte	0x6
 693 0062 F3       		.byte	0xf3
 694 0063 03       		.uleb128 0x3
 695 0064 F5       		.byte	0xf5
 696 0065 02       		.uleb128 0x2
 697 0066 29       		.uleb128 0x29
 698 0067 9F       		.byte	0x9f
 699 0068 00000000 		.4byte	0
 700 006c 00000000 		.4byte	0
 701              	.LLST3:
 702 0070 00000000 		.4byte	.LFB1
 703 0074 04000000 		.4byte	.LCFI1
 704 0078 0200     		.2byte	0x2
 705 007a 7D       		.byte	0x7d
 706 007b 00       		.sleb128 0
 707 007c 04000000 		.4byte	.LCFI1
 708 0080 6C000000 		.4byte	.LFE1
 709 0084 0200     		.2byte	0x2
 710 0086 7D       		.byte	0x7d
 711 0087 20       		.sleb128 32
 712 0088 00000000 		.4byte	0
 713 008c 00000000 		.4byte	0
 714              	.LLST4:
 715 0090 00000000 		.4byte	.LVL11
 716 0094 0A000000 		.4byte	.LVL12
 717 0098 0600     		.2byte	0x6
 718 009a 50       		.byte	0x50
 719 009b 93       		.byte	0x93
 720 009c 04       		.uleb128 0x4
 721 009d 51       		.byte	0x51
 722 009e 93       		.byte	0x93
 723 009f 04       		.uleb128 0x4
 724 00a0 0A000000 		.4byte	.LVL12
 725 00a4 6C000000 		.4byte	.LFE1
 726 00a8 0600     		.2byte	0x6
 727 00aa F3       		.byte	0xf3
 728 00ab 03       		.uleb128 0x3
 729 00ac F5       		.byte	0xf5
 730 00ad 00       		.uleb128 0
 731 00ae 29       		.uleb128 0x29
 732 00af 9F       		.byte	0x9f
 733 00b0 00000000 		.4byte	0
 734 00b4 00000000 		.4byte	0
 735              	.LLST5:
 736 00b8 00000000 		.4byte	.LVL11
 737 00bc 13000000 		.4byte	.LVL13-1
 738 00c0 0600     		.2byte	0x6
 739 00c2 52       		.byte	0x52
 740 00c3 93       		.byte	0x93
 741 00c4 04       		.uleb128 0x4
ARM GAS  /tmp/ccPXpukx.s 			page 14


 742 00c5 53       		.byte	0x53
 743 00c6 93       		.byte	0x93
 744 00c7 04       		.uleb128 0x4
 745 00c8 13000000 		.4byte	.LVL13-1
 746 00cc 6C000000 		.4byte	.LFE1
 747 00d0 0600     		.2byte	0x6
 748 00d2 F3       		.byte	0xf3
 749 00d3 03       		.uleb128 0x3
 750 00d4 F5       		.byte	0xf5
 751 00d5 02       		.uleb128 0x2
 752 00d6 29       		.uleb128 0x29
 753 00d7 9F       		.byte	0x9f
 754 00d8 00000000 		.4byte	0
 755 00dc 00000000 		.4byte	0
 756              		.section	.debug_aranges,"",%progbits
 757 0000 24000000 		.4byte	0x24
 758 0004 0200     		.2byte	0x2
 759 0006 00000000 		.4byte	.Ldebug_info0
 760 000a 04       		.byte	0x4
 761 000b 00       		.byte	0
 762 000c 0000     		.2byte	0
 763 000e 0000     		.2byte	0
 764 0010 00000000 		.4byte	.LFB0
 765 0014 5C000000 		.4byte	.LFE0-.LFB0
 766 0018 00000000 		.4byte	.LFB1
 767 001c 6C000000 		.4byte	.LFE1-.LFB1
 768 0020 00000000 		.4byte	0
 769 0024 00000000 		.4byte	0
 770              		.section	.debug_ranges,"",%progbits
 771              	.Ldebug_ranges0:
 772 0000 00000000 		.4byte	.LFB0
 773 0004 5C000000 		.4byte	.LFE0
 774 0008 00000000 		.4byte	.LFB1
 775 000c 6C000000 		.4byte	.LFE1
 776 0010 00000000 		.4byte	0
 777 0014 00000000 		.4byte	0
 778              		.section	.debug_line,"",%progbits
 779              	.Ldebug_line0:
 780 0000 D8000000 		.section	.debug_str,"MS",%progbits,1
 780      0200A500 
 780      00000201 
 780      FB0E0D00 
 780      01010101 
 781              	.LASF6:
 782 0000 6C6F6E67 		.ascii	"long long int\000"
 782      206C6F6E 
 782      6720696E 
 782      7400
 783              	.LASF5:
 784 000e 756E7369 		.ascii	"unsigned int\000"
 784      676E6564 
 784      20696E74 
 784      00
 785              	.LASF17:
 786 001b 6C6E5F64 		.ascii	"ln_deg_to_rad\000"
 786      65675F74 
 786      6F5F7261 
ARM GAS  /tmp/ccPXpukx.s 			page 15


 786      6400
 787              	.LASF23:
 788 0029 6C6E5F72 		.ascii	"ln_rad_to_deg\000"
 788      61645F74 
 788      6F5F6465 
 788      6700
 789              	.LASF18:
 790 0037 73717274 		.ascii	"sqrt\000"
 790      00
 791              	.LASF10:
 792 003c 6C6F6E67 		.ascii	"long unsigned int\000"
 792      20756E73 
 792      69676E65 
 792      6420696E 
 792      7400
 793              	.LASF3:
 794 004e 73686F72 		.ascii	"short int\000"
 794      7420696E 
 794      7400
 795              	.LASF7:
 796 0058 6C6F6E67 		.ascii	"long long unsigned int\000"
 796      206C6F6E 
 796      6720756E 
 796      7369676E 
 796      65642069 
 797              	.LASF12:
 798 006f 666C6F61 		.ascii	"float\000"
 798      7400
 799              	.LASF22:
 800 0075 2F426967 		.ascii	"/BigDriver/home/nacho/WORKHOME/programacion/chibiOS"
 800      44726976 
 800      65722F68 
 800      6F6D652F 
 800      6E616368 
 801 00a8 2F636869 		.ascii	"/chibios/nacho/lx200\000"
 801      62696F73 
 801      2F6E6163 
 801      686F2F6C 
 801      78323030 
 802              	.LASF2:
 803 00bd 756E7369 		.ascii	"unsigned char\000"
 803      676E6564 
 803      20636861 
 803      7200
 804              	.LASF11:
 805 00cb 63686172 		.ascii	"char\000"
 805      00
 806              	.LASF21:
 807 00d0 2E2F6C69 		.ascii	"./libnova/src/airmass.c\000"
 807      626E6F76 
 807      612F7372 
 807      632F6169 
 807      726D6173 
 808              	.LASF8:
 809 00e8 6C6F6E67 		.ascii	"long int\000"
 809      20696E74 
 809      00
ARM GAS  /tmp/ccPXpukx.s 			page 16


 810              	.LASF0:
 811 00f1 646F7562 		.ascii	"double\000"
 811      6C6500
 812              	.LASF19:
 813 00f8 6173696E 		.ascii	"asin\000"
 813      00
 814              	.LASF4:
 815 00fd 73686F72 		.ascii	"short unsigned int\000"
 815      7420756E 
 815      7369676E 
 815      65642069 
 815      6E7400
 816              	.LASF1:
 817 0110 7369676E 		.ascii	"signed char\000"
 817      65642063 
 817      68617200 
 818              	.LASF13:
 819 011c 6C6F6E67 		.ascii	"long double\000"
 819      20646F75 
 819      626C6500 
 820              	.LASF14:
 821 0128 6169726D 		.ascii	"airmass_scale\000"
 821      6173735F 
 821      7363616C 
 821      6500
 822              	.LASF16:
 823 0136 6C6E5F67 		.ascii	"ln_get_alt_from_airmass\000"
 823      65745F61 
 823      6C745F66 
 823      726F6D5F 
 823      6169726D 
 824              	.LASF20:
 825 014e 474E5520 		.ascii	"GNU C 4.7.4 20130913 (release) [ARM/embedded-4_7-br"
 825      4320342E 
 825      372E3420 
 825      32303133 
 825      30393133 
 826 0181 616E6368 		.ascii	"anch revision 202601]\000"
 826      20726576 
 826      6973696F 
 826      6E203230 
 826      32363031 
 827              	.LASF15:
 828 0197 6C6E5F67 		.ascii	"ln_get_airmass\000"
 828      65745F61 
 828      69726D61 
 828      737300
 829              	.LASF9:
 830 01a6 73697A65 		.ascii	"sizetype\000"
 830      74797065 
 830      00
 831              		.ident	"GCC: (GNU Tools for ARM Embedded Processors) 4.7.4 20130913 (release) [ARM/embedded-4_7-br
ARM GAS  /tmp/ccPXpukx.s 			page 17


DEFINED SYMBOLS
                            *ABS*:0000000000000000 airmass.c
     /tmp/ccPXpukx.s:22     .text.ln_get_airmass:0000000000000000 $t
     /tmp/ccPXpukx.s:28     .text.ln_get_airmass:0000000000000000 ln_get_airmass
     /tmp/ccPXpukx.s:101    .text.ln_get_alt_from_airmass:0000000000000000 $t
     /tmp/ccPXpukx.s:107    .text.ln_get_alt_from_airmass:0000000000000000 ln_get_alt_from_airmass
                     .debug_frame:0000000000000010 $d

UNDEFINED SYMBOLS
__aeabi_dmul
__aeabi_dadd
__aeabi_dsub
ln_deg_to_rad
sin
sqrt
__aeabi_ddiv
asin
ln_rad_to_deg
