ARM GAS  /tmp/ccnMnone.s 			page 1


   1              		.syntax unified
   2              		.cpu cortex-m4
   3              		.fpu softvfp
   4              		.eabi_attribute 20, 1
   5              		.eabi_attribute 21, 1
   6              		.eabi_attribute 23, 3
   7              		.eabi_attribute 24, 1
   8              		.eabi_attribute 25, 1
   9              		.eabi_attribute 26, 1
  10              		.eabi_attribute 30, 2
  11              		.eabi_attribute 34, 1
  12              		.eabi_attribute 18, 4
  13              		.thumb
  14              		.file	"lis302dl.c"
  15              		.text
  16              	.Ltext0:
  17              		.cfi_sections	.debug_frame
  18              		.section	.text.lis302dlReadRegister,"ax",%progbits
  19              		.align	2
  20              		.p2align 4,,15
  21              		.global	lis302dlReadRegister
  22              		.thumb
  23              		.thumb_func
  24              		.type	lis302dlReadRegister, %function
  25              	lis302dlReadRegister:
  26              	.LFB118:
  27              		.file 1 "../../os/various/devices_lib/accel/lis302dl.c"
  28              		.loc 1 64 0
  29              		.cfi_startproc
  30              		@ args = 0, pretend = 0, frame = 0
  31              		@ frame_needed = 0, uses_anonymous_args = 0
  32              	.LVL0:
  33 0000 F8B5     		push	{r3, r4, r5, r6, r7, lr}
  34              	.LCFI0:
  35              		.cfi_def_cfa_offset 24
  36              		.cfi_offset 3, -24
  37              		.cfi_offset 4, -20
  38              		.cfi_offset 5, -16
  39              		.cfi_offset 6, -12
  40              		.cfi_offset 7, -8
  41              		.cfi_offset 14, -4
  42              		.loc 1 67 0
  43 0002 40F20004 		movw	r4, #:lower16:.LANCHOR0
  44 0006 C0F20004 		movt	r4, #:upper16:.LANCHOR0
  45              		.loc 1 64 0
  46 000a 0F46     		mov	r7, r1
  47              		.loc 1 69 0
  48 000c 40F20005 		movw	r5, #:lower16:.LANCHOR1
  49              		.loc 1 64 0
  50 0010 0646     		mov	r6, r0
  51              		.loc 1 69 0
  52 0012 C0F20005 		movt	r5, #:upper16:.LANCHOR1
  53              		.loc 1 67 0
  54 0016 67F07F07 		orn	r7, r7, #127
  55              		.loc 1 66 0
  56 001a FFF7FEFF 		bl	spiSelect
  57              	.LVL1:
ARM GAS  /tmp/ccnMnone.s 			page 2


  58              		.loc 1 69 0
  59 001e 0221     		movs	r1, #2
  60 0020 2246     		mov	r2, r4
  61 0022 2B46     		mov	r3, r5
  62 0024 3046     		mov	r0, r6
  63              		.loc 1 67 0
  64 0026 2770     		strb	r7, [r4, #0]
  65              		.loc 1 68 0
  66 0028 FF27     		movs	r7, #255
  67 002a 6770     		strb	r7, [r4, #1]
  68              		.loc 1 69 0
  69 002c FFF7FEFF 		bl	spiExchange
  70              	.LVL2:
  71              		.loc 1 70 0
  72 0030 3046     		mov	r0, r6
  73 0032 FFF7FEFF 		bl	spiUnselect
  74              	.LVL3:
  75              		.loc 1 72 0
  76 0036 6878     		ldrb	r0, [r5, #1]	@ zero_extendqisi2
  77 0038 F8BD     		pop	{r3, r4, r5, r6, r7, pc}
  78              		.cfi_endproc
  79              	.LFE118:
  80              		.size	lis302dlReadRegister, .-lis302dlReadRegister
  81 003a 00BFAFF3 		.section	.text.lis302dlWriteRegister,"ax",%progbits
  81      0080
  82              		.align	2
  83              		.p2align 4,,15
  84              		.global	lis302dlWriteRegister
  85              		.thumb
  86              		.thumb_func
  87              		.type	lis302dlWriteRegister, %function
  88              	lis302dlWriteRegister:
  89              	.LFB119:
  90              		.loc 1 82 0
  91              		.cfi_startproc
  92              		@ args = 0, pretend = 0, frame = 0
  93              		@ frame_needed = 0, uses_anonymous_args = 0
  94              	.LVL4:
  95 0000 F8B5     		push	{r3, r4, r5, r6, r7, lr}
  96              	.LCFI1:
  97              		.cfi_def_cfa_offset 24
  98              		.cfi_offset 3, -24
  99              		.cfi_offset 4, -20
 100              		.cfi_offset 5, -16
 101              		.cfi_offset 6, -12
 102              		.cfi_offset 7, -8
 103              		.cfi_offset 14, -4
 104              		.loc 1 84 0
 105 0002 A1F12003 		sub	r3, r1, #32
 106              		.loc 1 82 0
 107 0006 0D46     		mov	r5, r1
 108              		.loc 1 84 0
 109 0008 D9B2     		uxtb	r1, r3
 110              	.LVL5:
 111 000a 1F29     		cmp	r1, #31
 112              		.loc 1 82 0
 113 000c 0646     		mov	r6, r0
ARM GAS  /tmp/ccnMnone.s 			page 3


 114 000e 1746     		mov	r7, r2
 115              		.loc 1 84 0
 116 0010 17D8     		bhi	.L2
 117 0012 5BB2     		sxtb	r3, r3
 118 0014 0724     		movs	r4, #7
 119 0016 0122     		movs	r2, #1
 120              	.LVL6:
 121 0018 02FA03F1 		lsl	r1, r2, r3
 122 001c CFF6DD14 		movt	r4, 63965
 123 0020 0C40     		ands	r4, r4, r1
 124 0022 74B1     		cbz	r4, .L2
 125              		.loc 1 115 0
 126 0024 FFF7FEFF 		bl	spiSelect
 127              	.LVL7:
 128              		.loc 1 116 0
 129 0028 064B     		ldr	r3, .L6
 130              		.loc 1 118 0
 131 002a 3046     		mov	r0, r6
 132 002c 0221     		movs	r1, #2
 133 002e 1A46     		mov	r2, r3
 134              		.loc 1 116 0
 135 0030 1D70     		strb	r5, [r3, #0]
 136              		.loc 1 117 0
 137 0032 5F70     		strb	r7, [r3, #1]
 138              		.loc 1 118 0
 139 0034 FFF7FEFF 		bl	spiSend
 140              	.LVL8:
 141              		.loc 1 119 0
 142 0038 3046     		mov	r0, r6
 143              		.loc 1 121 0
 144 003a BDE8F840 		pop	{r3, r4, r5, r6, r7, lr}
 145              		.loc 1 119 0
 146 003e FFF7FEBF 		b	spiUnselect
 147              	.LVL9:
 148              	.L2:
 149 0042 F8BD     		pop	{r3, r4, r5, r6, r7, pc}
 150              	.L7:
 151              		.align	2
 152              	.L6:
 153 0044 00000000 		.word	.LANCHOR0
 154              		.cfi_endproc
 155              	.LFE119:
 156              		.size	lis302dlWriteRegister, .-lis302dlWriteRegister
 157 0048 AFF30080 		.section	.bss.rxbuf,"aw",%nobits
 157      AFF30080 
 158              		.align	2
 159              		.set	.LANCHOR1,. + 0
 160              		.type	rxbuf, %object
 161              		.size	rxbuf, 2
 162              	rxbuf:
 163 0000 0000     		.space	2
 164 0002 0000     		.section	.bss.txbuf,"aw",%nobits
 165              		.align	2
 166              		.set	.LANCHOR0,. + 0
 167              		.type	txbuf, %object
 168              		.size	txbuf, 2
 169              	txbuf:
ARM GAS  /tmp/ccnMnone.s 			page 4


 170 0000 0000     		.space	2
 171 0002 0000     		.text
 172              	.Letext0:
 173              		.file 2 "/usr/bin/../lib/gcc/arm-none-eabi/4.7.4/include/stddef.h"
 174              		.file 3 "/usr/bin/../lib/gcc/arm-none-eabi/4.7.4/../../../../arm-none-eabi/include/stdint.h"
 175              		.file 4 "../../os/ports/GCC/ARMCMx/chtypes.h"
 176              		.file 5 "../../os/kernel/include/chlists.h"
 177              		.file 6 "../../os/kernel/include/chthreads.h"
 178              		.file 7 "../../os/ports/GCC/ARMCMx/chcore_v7m.h"
 179              		.file 8 "../../os/kernel/include/chmtx.h"
 180              		.file 9 "../../os/hal/platforms/STM32F4xx/stm32f4xx.h"
 181              		.file 10 "../../os/hal/platforms/STM32F4xx/stm32_dma.h"
 182              		.file 11 "../../os/hal/platforms/STM32/GPIOv2/pal_lld.h"
 183              		.file 12 "../../os/hal/include/spi.h"
 184              		.file 13 "../../os/hal/platforms/STM32/SPIv1/spi_lld.h"
 185              		.file 14 "../../os/ports/common/ARMCMx/CMSIS/include/core_cm4.h"
 186              		.section	.debug_info,"",%progbits
 187              	.Ldebug_info0:
 188 0000 080A0000 		.4byte	0xa08
 189 0004 0200     		.2byte	0x2
 190 0006 00000000 		.4byte	.Ldebug_abbrev0
 191 000a 04       		.byte	0x4
 192 000b 01       		.uleb128 0x1
 193 000c FE000000 		.4byte	.LASF120
 194 0010 01       		.byte	0x1
 195 0011 EB040000 		.4byte	.LASF121
 196 0015 84010000 		.4byte	.LASF122
 197 0019 00000000 		.4byte	.Ldebug_ranges0+0
 198 001d 00000000 		.4byte	0
 199 0021 00000000 		.4byte	0
 200 0025 00000000 		.4byte	.Ldebug_line0
 201 0029 02       		.uleb128 0x2
 202 002a 04       		.byte	0x4
 203 002b 05       		.byte	0x5
 204 002c 696E7400 		.ascii	"int\000"
 205 0030 03       		.uleb128 0x3
 206 0031 0B000000 		.4byte	.LASF2
 207 0035 02       		.byte	0x2
 208 0036 D5       		.byte	0xd5
 209 0037 3B000000 		.4byte	0x3b
 210 003b 04       		.uleb128 0x4
 211 003c 04       		.byte	0x4
 212 003d 07       		.byte	0x7
 213 003e 35020000 		.4byte	.LASF0
 214 0042 04       		.uleb128 0x4
 215 0043 01       		.byte	0x1
 216 0044 06       		.byte	0x6
 217 0045 CA000000 		.4byte	.LASF1
 218 0049 03       		.uleb128 0x3
 219 004a B8040000 		.4byte	.LASF3
 220 004e 03       		.byte	0x3
 221 004f 2A       		.byte	0x2a
 222 0050 54000000 		.4byte	0x54
 223 0054 04       		.uleb128 0x4
 224 0055 01       		.byte	0x1
 225 0056 08       		.byte	0x8
 226 0057 5C030000 		.4byte	.LASF4
ARM GAS  /tmp/ccnMnone.s 			page 5


 227 005b 04       		.uleb128 0x4
 228 005c 02       		.byte	0x2
 229 005d 05       		.byte	0x5
 230 005e 87030000 		.4byte	.LASF5
 231 0062 03       		.uleb128 0x3
 232 0063 74010000 		.4byte	.LASF6
 233 0067 03       		.byte	0x3
 234 0068 36       		.byte	0x36
 235 0069 6D000000 		.4byte	0x6d
 236 006d 04       		.uleb128 0x4
 237 006e 02       		.byte	0x2
 238 006f 07       		.byte	0x7
 239 0070 5F020000 		.4byte	.LASF7
 240 0074 03       		.uleb128 0x3
 241 0075 54030000 		.4byte	.LASF8
 242 0079 03       		.byte	0x3
 243 007a 4F       		.byte	0x4f
 244 007b 7F000000 		.4byte	0x7f
 245 007f 04       		.uleb128 0x4
 246 0080 04       		.byte	0x4
 247 0081 05       		.byte	0x5
 248 0082 5B010000 		.4byte	.LASF9
 249 0086 03       		.uleb128 0x3
 250 0087 DA030000 		.4byte	.LASF10
 251 008b 03       		.byte	0x3
 252 008c 50       		.byte	0x50
 253 008d 91000000 		.4byte	0x91
 254 0091 04       		.uleb128 0x4
 255 0092 04       		.byte	0x4
 256 0093 07       		.byte	0x7
 257 0094 EB030000 		.4byte	.LASF11
 258 0098 04       		.uleb128 0x4
 259 0099 08       		.byte	0x8
 260 009a 05       		.byte	0x5
 261 009b BC000000 		.4byte	.LASF12
 262 009f 04       		.uleb128 0x4
 263 00a0 08       		.byte	0x8
 264 00a1 07       		.byte	0x7
 265 00a2 38000000 		.4byte	.LASF13
 266 00a6 03       		.uleb128 0x3
 267 00a7 78020000 		.4byte	.LASF14
 268 00ab 04       		.byte	0x4
 269 00ac 28       		.byte	0x28
 270 00ad 49000000 		.4byte	0x49
 271 00b1 03       		.uleb128 0x3
 272 00b2 64010000 		.4byte	.LASF15
 273 00b6 04       		.byte	0x4
 274 00b7 29       		.byte	0x29
 275 00b8 49000000 		.4byte	0x49
 276 00bc 03       		.uleb128 0x3
 277 00bd E3030000 		.4byte	.LASF16
 278 00c1 04       		.byte	0x4
 279 00c2 2A       		.byte	0x2a
 280 00c3 49000000 		.4byte	0x49
 281 00c7 03       		.uleb128 0x3
 282 00c8 F4000000 		.4byte	.LASF17
 283 00cc 04       		.byte	0x4
ARM GAS  /tmp/ccnMnone.s 			page 6


 284 00cd 2B       		.byte	0x2b
 285 00ce 49000000 		.4byte	0x49
 286 00d2 03       		.uleb128 0x3
 287 00d3 46030000 		.4byte	.LASF18
 288 00d7 04       		.byte	0x4
 289 00d8 2C       		.byte	0x2c
 290 00d9 86000000 		.4byte	0x86
 291 00dd 03       		.uleb128 0x3
 292 00de 72020000 		.4byte	.LASF19
 293 00e2 04       		.byte	0x4
 294 00e3 2D       		.byte	0x2d
 295 00e4 74000000 		.4byte	0x74
 296 00e8 03       		.uleb128 0x3
 297 00e9 8C020000 		.4byte	.LASF20
 298 00ed 04       		.byte	0x4
 299 00ee 2F       		.byte	0x2f
 300 00ef 86000000 		.4byte	0x86
 301 00f3 03       		.uleb128 0x3
 302 00f4 34040000 		.4byte	.LASF21
 303 00f8 04       		.byte	0x4
 304 00f9 31       		.byte	0x31
 305 00fa 86000000 		.4byte	0x86
 306 00fe 03       		.uleb128 0x3
 307 00ff B9030000 		.4byte	.LASF22
 308 0103 05       		.byte	0x5
 309 0104 23       		.byte	0x23
 310 0105 09010000 		.4byte	0x109
 311 0109 05       		.uleb128 0x5
 312 010a B9030000 		.4byte	.LASF22
 313 010e 48       		.byte	0x48
 314 010f 06       		.byte	0x6
 315 0110 57       		.byte	0x57
 316 0111 2E020000 		.4byte	0x22e
 317 0115 06       		.uleb128 0x6
 318 0116 AA030000 		.4byte	.LASF23
 319 011a 06       		.byte	0x6
 320 011b 58       		.byte	0x58
 321 011c 53020000 		.4byte	0x253
 322 0120 02       		.byte	0x2
 323 0121 23       		.byte	0x23
 324 0122 00       		.uleb128 0
 325 0123 06       		.uleb128 0x6
 326 0124 21030000 		.4byte	.LASF24
 327 0128 06       		.byte	0x6
 328 0129 5A       		.byte	0x5a
 329 012a 53020000 		.4byte	0x253
 330 012e 02       		.byte	0x2
 331 012f 23       		.byte	0x23
 332 0130 04       		.uleb128 0x4
 333 0131 06       		.uleb128 0x6
 334 0132 AF000000 		.4byte	.LASF25
 335 0136 06       		.byte	0x6
 336 0137 5C       		.byte	0x5c
 337 0138 D2000000 		.4byte	0xd2
 338 013c 02       		.byte	0x2
 339 013d 23       		.byte	0x23
 340 013e 08       		.uleb128 0x8
ARM GAS  /tmp/ccnMnone.s 			page 7


 341 013f 06       		.uleb128 0x6
 342 0140 19050000 		.4byte	.LASF26
 343 0144 06       		.byte	0x6
 344 0145 5D       		.byte	0x5d
 345 0146 21030000 		.4byte	0x321
 346 014a 02       		.byte	0x2
 347 014b 23       		.byte	0x23
 348 014c 0C       		.uleb128 0xc
 349 014d 06       		.uleb128 0x6
 350 014e CC010000 		.4byte	.LASF27
 351 0152 06       		.byte	0x6
 352 0153 5F       		.byte	0x5f
 353 0154 53020000 		.4byte	0x253
 354 0158 02       		.byte	0x2
 355 0159 23       		.byte	0x23
 356 015a 10       		.uleb128 0x10
 357 015b 06       		.uleb128 0x6
 358 015c BF020000 		.4byte	.LASF28
 359 0160 06       		.byte	0x6
 360 0161 60       		.byte	0x60
 361 0162 53020000 		.4byte	0x253
 362 0166 02       		.byte	0x2
 363 0167 23       		.byte	0x23
 364 0168 14       		.uleb128 0x14
 365 0169 06       		.uleb128 0x6
 366 016a CC040000 		.4byte	.LASF29
 367 016e 06       		.byte	0x6
 368 016f 67       		.byte	0x67
 369 0170 D2030000 		.4byte	0x3d2
 370 0174 02       		.byte	0x2
 371 0175 23       		.byte	0x23
 372 0176 18       		.uleb128 0x18
 373 0177 06       		.uleb128 0x6
 374 0178 91030000 		.4byte	.LASF30
 375 017c 06       		.byte	0x6
 376 017d 72       		.byte	0x72
 377 017e B1000000 		.4byte	0xb1
 378 0182 02       		.byte	0x2
 379 0183 23       		.byte	0x23
 380 0184 1C       		.uleb128 0x1c
 381 0185 06       		.uleb128 0x6
 382 0186 B1030000 		.4byte	.LASF31
 383 018a 06       		.byte	0x6
 384 018b 76       		.byte	0x76
 385 018c A6000000 		.4byte	0xa6
 386 0190 02       		.byte	0x2
 387 0191 23       		.byte	0x23
 388 0192 1D       		.uleb128 0x1d
 389 0193 06       		.uleb128 0x6
 390 0194 AA040000 		.4byte	.LASF32
 391 0198 06       		.byte	0x6
 392 0199 7B       		.byte	0x7b
 393 019a BC000000 		.4byte	0xbc
 394 019e 02       		.byte	0x2
 395 019f 23       		.byte	0x23
 396 01a0 1E       		.uleb128 0x1e
 397 01a1 06       		.uleb128 0x6
ARM GAS  /tmp/ccnMnone.s 			page 8


 398 01a2 99030000 		.4byte	.LASF33
 399 01a6 06       		.byte	0x6
 400 01a7 81       		.byte	0x81
 401 01a8 C7000000 		.4byte	0xc7
 402 01ac 02       		.byte	0x2
 403 01ad 23       		.byte	0x23
 404 01ae 1F       		.uleb128 0x1f
 405 01af 06       		.uleb128 0x6
 406 01b0 7D010000 		.4byte	.LASF34
 407 01b4 06       		.byte	0x6
 408 01b5 88       		.byte	0x88
 409 01b6 50030000 		.4byte	0x350
 410 01ba 02       		.byte	0x2
 411 01bb 23       		.byte	0x23
 412 01bc 20       		.uleb128 0x20
 413 01bd 07       		.uleb128 0x7
 414 01be 705F7500 		.ascii	"p_u\000"
 415 01c2 06       		.byte	0x6
 416 01c3 AD       		.byte	0xad
 417 01c4 9D030000 		.4byte	0x39d
 418 01c8 02       		.byte	0x2
 419 01c9 23       		.byte	0x23
 420 01ca 24       		.uleb128 0x24
 421 01cb 06       		.uleb128 0x6
 422 01cc 1F050000 		.4byte	.LASF35
 423 01d0 06       		.byte	0x6
 424 01d1 B2       		.byte	0xb2
 425 01d2 7B020000 		.4byte	0x27b
 426 01d6 02       		.byte	0x2
 427 01d7 23       		.byte	0x23
 428 01d8 28       		.uleb128 0x28
 429 01d9 06       		.uleb128 0x6
 430 01da 48020000 		.4byte	.LASF36
 431 01de 06       		.byte	0x6
 432 01df B8       		.byte	0xb8
 433 01e0 59020000 		.4byte	0x259
 434 01e4 02       		.byte	0x2
 435 01e5 23       		.byte	0x23
 436 01e6 2C       		.uleb128 0x2c
 437 01e7 06       		.uleb128 0x6
 438 01e8 DD040000 		.4byte	.LASF37
 439 01ec 06       		.byte	0x6
 440 01ed BC       		.byte	0xbc
 441 01ee DD000000 		.4byte	0xdd
 442 01f2 02       		.byte	0x2
 443 01f3 23       		.byte	0x23
 444 01f4 34       		.uleb128 0x34
 445 01f5 06       		.uleb128 0x6
 446 01f6 C0030000 		.4byte	.LASF38
 447 01fa 06       		.byte	0x6
 448 01fb C2       		.byte	0xc2
 449 01fc E8000000 		.4byte	0xe8
 450 0200 02       		.byte	0x2
 451 0201 23       		.byte	0x23
 452 0202 38       		.uleb128 0x38
 453 0203 06       		.uleb128 0x6
 454 0204 7D030000 		.4byte	.LASF39
ARM GAS  /tmp/ccnMnone.s 			page 9


 455 0208 06       		.byte	0x6
 456 0209 C9       		.byte	0xc9
 457 020a E4030000 		.4byte	0x3e4
 458 020e 02       		.byte	0x2
 459 020f 23       		.byte	0x23
 460 0210 3C       		.uleb128 0x3c
 461 0211 06       		.uleb128 0x6
 462 0212 3E040000 		.4byte	.LASF40
 463 0216 06       		.byte	0x6
 464 0217 CD       		.byte	0xcd
 465 0218 D2000000 		.4byte	0xd2
 466 021c 02       		.byte	0x2
 467 021d 23       		.byte	0x23
 468 021e 40       		.uleb128 0x40
 469 021f 06       		.uleb128 0x6
 470 0220 08020000 		.4byte	.LASF41
 471 0224 06       		.byte	0x6
 472 0225 D3       		.byte	0xd3
 473 0226 91020000 		.4byte	0x291
 474 022a 02       		.byte	0x2
 475 022b 23       		.byte	0x23
 476 022c 44       		.uleb128 0x44
 477 022d 00       		.byte	0
 478 022e 08       		.uleb128 0x8
 479 022f 08       		.byte	0x8
 480 0230 05       		.byte	0x5
 481 0231 5A       		.byte	0x5a
 482 0232 53020000 		.4byte	0x253
 483 0236 06       		.uleb128 0x6
 484 0237 AA030000 		.4byte	.LASF23
 485 023b 05       		.byte	0x5
 486 023c 5B       		.byte	0x5b
 487 023d 53020000 		.4byte	0x253
 488 0241 02       		.byte	0x2
 489 0242 23       		.byte	0x23
 490 0243 00       		.uleb128 0
 491 0244 06       		.uleb128 0x6
 492 0245 21030000 		.4byte	.LASF24
 493 0249 05       		.byte	0x5
 494 024a 5D       		.byte	0x5d
 495 024b 53020000 		.4byte	0x253
 496 024f 02       		.byte	0x2
 497 0250 23       		.byte	0x23
 498 0251 04       		.uleb128 0x4
 499 0252 00       		.byte	0
 500 0253 09       		.uleb128 0x9
 501 0254 04       		.byte	0x4
 502 0255 FE000000 		.4byte	0xfe
 503 0259 03       		.uleb128 0x3
 504 025a C7020000 		.4byte	.LASF42
 505 025e 05       		.byte	0x5
 506 025f 5F       		.byte	0x5f
 507 0260 2E020000 		.4byte	0x22e
 508 0264 08       		.uleb128 0x8
 509 0265 04       		.byte	0x4
 510 0266 05       		.byte	0x5
 511 0267 64       		.byte	0x64
ARM GAS  /tmp/ccnMnone.s 			page 10


 512 0268 7B020000 		.4byte	0x27b
 513 026c 06       		.uleb128 0x6
 514 026d AA030000 		.4byte	.LASF23
 515 0271 05       		.byte	0x5
 516 0272 66       		.byte	0x66
 517 0273 53020000 		.4byte	0x253
 518 0277 02       		.byte	0x2
 519 0278 23       		.byte	0x23
 520 0279 00       		.uleb128 0
 521 027a 00       		.byte	0
 522 027b 03       		.uleb128 0x3
 523 027c 80020000 		.4byte	.LASF43
 524 0280 05       		.byte	0x5
 525 0281 69       		.byte	0x69
 526 0282 64020000 		.4byte	0x264
 527 0286 03       		.uleb128 0x3
 528 0287 10020000 		.4byte	.LASF44
 529 028b 07       		.byte	0x7
 530 028c DE       		.byte	0xde
 531 028d 91020000 		.4byte	0x291
 532 0291 0A       		.uleb128 0xa
 533 0292 04       		.byte	0x4
 534 0293 0B       		.uleb128 0xb
 535 0294 7E040000 		.4byte	.LASF45
 536 0298 24       		.byte	0x24
 537 0299 07       		.byte	0x7
 538 029a 0501     		.2byte	0x105
 539 029c 21030000 		.4byte	0x321
 540 02a0 0C       		.uleb128 0xc
 541 02a1 723400   		.ascii	"r4\000"
 542 02a4 07       		.byte	0x7
 543 02a5 1801     		.2byte	0x118
 544 02a7 86020000 		.4byte	0x286
 545 02ab 02       		.byte	0x2
 546 02ac 23       		.byte	0x23
 547 02ad 00       		.uleb128 0
 548 02ae 0C       		.uleb128 0xc
 549 02af 723500   		.ascii	"r5\000"
 550 02b2 07       		.byte	0x7
 551 02b3 1901     		.2byte	0x119
 552 02b5 86020000 		.4byte	0x286
 553 02b9 02       		.byte	0x2
 554 02ba 23       		.byte	0x23
 555 02bb 04       		.uleb128 0x4
 556 02bc 0C       		.uleb128 0xc
 557 02bd 723600   		.ascii	"r6\000"
 558 02c0 07       		.byte	0x7
 559 02c1 1A01     		.2byte	0x11a
 560 02c3 86020000 		.4byte	0x286
 561 02c7 02       		.byte	0x2
 562 02c8 23       		.byte	0x23
 563 02c9 08       		.uleb128 0x8
 564 02ca 0C       		.uleb128 0xc
 565 02cb 723700   		.ascii	"r7\000"
 566 02ce 07       		.byte	0x7
 567 02cf 1B01     		.2byte	0x11b
 568 02d1 86020000 		.4byte	0x286
ARM GAS  /tmp/ccnMnone.s 			page 11


 569 02d5 02       		.byte	0x2
 570 02d6 23       		.byte	0x23
 571 02d7 0C       		.uleb128 0xc
 572 02d8 0C       		.uleb128 0xc
 573 02d9 723800   		.ascii	"r8\000"
 574 02dc 07       		.byte	0x7
 575 02dd 1C01     		.2byte	0x11c
 576 02df 86020000 		.4byte	0x286
 577 02e3 02       		.byte	0x2
 578 02e4 23       		.byte	0x23
 579 02e5 10       		.uleb128 0x10
 580 02e6 0C       		.uleb128 0xc
 581 02e7 723900   		.ascii	"r9\000"
 582 02ea 07       		.byte	0x7
 583 02eb 1D01     		.2byte	0x11d
 584 02ed 86020000 		.4byte	0x286
 585 02f1 02       		.byte	0x2
 586 02f2 23       		.byte	0x23
 587 02f3 14       		.uleb128 0x14
 588 02f4 0C       		.uleb128 0xc
 589 02f5 72313000 		.ascii	"r10\000"
 590 02f9 07       		.byte	0x7
 591 02fa 1E01     		.2byte	0x11e
 592 02fc 86020000 		.4byte	0x286
 593 0300 02       		.byte	0x2
 594 0301 23       		.byte	0x23
 595 0302 18       		.uleb128 0x18
 596 0303 0C       		.uleb128 0xc
 597 0304 72313100 		.ascii	"r11\000"
 598 0308 07       		.byte	0x7
 599 0309 1F01     		.2byte	0x11f
 600 030b 86020000 		.4byte	0x286
 601 030f 02       		.byte	0x2
 602 0310 23       		.byte	0x23
 603 0311 1C       		.uleb128 0x1c
 604 0312 0C       		.uleb128 0xc
 605 0313 6C7200   		.ascii	"lr\000"
 606 0316 07       		.byte	0x7
 607 0317 2001     		.2byte	0x120
 608 0319 86020000 		.4byte	0x286
 609 031d 02       		.byte	0x2
 610 031e 23       		.byte	0x23
 611 031f 20       		.uleb128 0x20
 612 0320 00       		.byte	0
 613 0321 0B       		.uleb128 0xb
 614 0322 6C040000 		.4byte	.LASF46
 615 0326 04       		.byte	0x4
 616 0327 07       		.byte	0x7
 617 0328 2A01     		.2byte	0x12a
 618 032a 3E030000 		.4byte	0x33e
 619 032e 0C       		.uleb128 0xc
 620 032f 72313300 		.ascii	"r13\000"
 621 0333 07       		.byte	0x7
 622 0334 2B01     		.2byte	0x12b
 623 0336 3E030000 		.4byte	0x33e
 624 033a 02       		.byte	0x2
 625 033b 23       		.byte	0x23
ARM GAS  /tmp/ccnMnone.s 			page 12


 626 033c 00       		.uleb128 0
 627 033d 00       		.byte	0
 628 033e 09       		.uleb128 0x9
 629 033f 04       		.byte	0x4
 630 0340 93020000 		.4byte	0x293
 631 0344 0D       		.uleb128 0xd
 632 0345 86000000 		.4byte	0x86
 633 0349 04       		.uleb128 0x4
 634 034a 04       		.byte	0x4
 635 034b 07       		.byte	0x7
 636 034c AA020000 		.4byte	.LASF47
 637 0350 0D       		.uleb128 0xd
 638 0351 F3000000 		.4byte	0xf3
 639 0355 05       		.uleb128 0x5
 640 0356 B9020000 		.4byte	.LASF48
 641 035a 10       		.byte	0x10
 642 035b 08       		.byte	0x8
 643 035c 25       		.byte	0x25
 644 035d 8C030000 		.4byte	0x38c
 645 0361 06       		.uleb128 0x6
 646 0362 EC000000 		.4byte	.LASF49
 647 0366 08       		.byte	0x8
 648 0367 26       		.byte	0x26
 649 0368 59020000 		.4byte	0x259
 650 036c 02       		.byte	0x2
 651 036d 23       		.byte	0x23
 652 036e 00       		.uleb128 0
 653 036f 06       		.uleb128 0x6
 654 0370 E3040000 		.4byte	.LASF50
 655 0374 08       		.byte	0x8
 656 0375 28       		.byte	0x28
 657 0376 53020000 		.4byte	0x253
 658 037a 02       		.byte	0x2
 659 037b 23       		.byte	0x23
 660 037c 08       		.uleb128 0x8
 661 037d 06       		.uleb128 0x6
 662 037e 2D040000 		.4byte	.LASF51
 663 0382 08       		.byte	0x8
 664 0383 2A       		.byte	0x2a
 665 0384 8C030000 		.4byte	0x38c
 666 0388 02       		.byte	0x2
 667 0389 23       		.byte	0x23
 668 038a 0C       		.uleb128 0xc
 669 038b 00       		.byte	0
 670 038c 09       		.uleb128 0x9
 671 038d 04       		.byte	0x4
 672 038e 55030000 		.4byte	0x355
 673 0392 03       		.uleb128 0x3
 674 0393 B9020000 		.4byte	.LASF48
 675 0397 08       		.byte	0x8
 676 0398 2C       		.byte	0x2c
 677 0399 55030000 		.4byte	0x355
 678 039d 0E       		.uleb128 0xe
 679 039e 04       		.byte	0x4
 680 039f 06       		.byte	0x6
 681 03a0 8F       		.byte	0x8f
 682 03a1 D2030000 		.4byte	0x3d2
ARM GAS  /tmp/ccnMnone.s 			page 13


 683 03a5 0F       		.uleb128 0xf
 684 03a6 12000000 		.4byte	.LASF52
 685 03aa 06       		.byte	0x6
 686 03ab 96       		.byte	0x96
 687 03ac DD000000 		.4byte	0xdd
 688 03b0 0F       		.uleb128 0xf
 689 03b1 65000000 		.4byte	.LASF53
 690 03b5 06       		.byte	0x6
 691 03b6 9D       		.byte	0x9d
 692 03b7 DD000000 		.4byte	0xdd
 693 03bb 0F       		.uleb128 0xf
 694 03bc C5040000 		.4byte	.LASF54
 695 03c0 06       		.byte	0x6
 696 03c1 A4       		.byte	0xa4
 697 03c2 91020000 		.4byte	0x291
 698 03c6 0F       		.uleb128 0xf
 699 03c7 A3030000 		.4byte	.LASF55
 700 03cb 06       		.byte	0x6
 701 03cc AB       		.byte	0xab
 702 03cd E8000000 		.4byte	0xe8
 703 03d1 00       		.byte	0
 704 03d2 09       		.uleb128 0x9
 705 03d3 04       		.byte	0x4
 706 03d4 D8030000 		.4byte	0x3d8
 707 03d8 10       		.uleb128 0x10
 708 03d9 DD030000 		.4byte	0x3dd
 709 03dd 04       		.uleb128 0x4
 710 03de 01       		.byte	0x1
 711 03df 08       		.byte	0x8
 712 03e0 09040000 		.4byte	.LASF56
 713 03e4 09       		.uleb128 0x9
 714 03e5 04       		.byte	0x4
 715 03e6 92030000 		.4byte	0x392
 716 03ea 0D       		.uleb128 0xd
 717 03eb 62000000 		.4byte	0x62
 718 03ef 0D       		.uleb128 0xd
 719 03f0 74000000 		.4byte	0x74
 720 03f4 11       		.uleb128 0x11
 721 03f5 18       		.byte	0x18
 722 03f6 09       		.byte	0x9
 723 03f7 D301     		.2byte	0x1d3
 724 03f9 57040000 		.4byte	0x457
 725 03fd 0C       		.uleb128 0xc
 726 03fe 435200   		.ascii	"CR\000"
 727 0401 09       		.byte	0x9
 728 0402 D501     		.2byte	0x1d5
 729 0404 44030000 		.4byte	0x344
 730 0408 02       		.byte	0x2
 731 0409 23       		.byte	0x23
 732 040a 00       		.uleb128 0
 733 040b 12       		.uleb128 0x12
 734 040c 49040000 		.4byte	.LASF57
 735 0410 09       		.byte	0x9
 736 0411 D601     		.2byte	0x1d6
 737 0413 44030000 		.4byte	0x344
 738 0417 02       		.byte	0x2
 739 0418 23       		.byte	0x23
ARM GAS  /tmp/ccnMnone.s 			page 14


 740 0419 04       		.uleb128 0x4
 741 041a 0C       		.uleb128 0xc
 742 041b 50415200 		.ascii	"PAR\000"
 743 041f 09       		.byte	0x9
 744 0420 D701     		.2byte	0x1d7
 745 0422 44030000 		.4byte	0x344
 746 0426 02       		.byte	0x2
 747 0427 23       		.byte	0x23
 748 0428 08       		.uleb128 0x8
 749 0429 12       		.uleb128 0x12
 750 042a 06000000 		.4byte	.LASF58
 751 042e 09       		.byte	0x9
 752 042f D801     		.2byte	0x1d8
 753 0431 44030000 		.4byte	0x344
 754 0435 02       		.byte	0x2
 755 0436 23       		.byte	0x23
 756 0437 0C       		.uleb128 0xc
 757 0438 12       		.uleb128 0x12
 758 0439 85040000 		.4byte	.LASF59
 759 043d 09       		.byte	0x9
 760 043e D901     		.2byte	0x1d9
 761 0440 44030000 		.4byte	0x344
 762 0444 02       		.byte	0x2
 763 0445 23       		.byte	0x23
 764 0446 10       		.uleb128 0x10
 765 0447 0C       		.uleb128 0xc
 766 0448 46435200 		.ascii	"FCR\000"
 767 044c 09       		.byte	0x9
 768 044d DA01     		.2byte	0x1da
 769 044f 44030000 		.4byte	0x344
 770 0453 02       		.byte	0x2
 771 0454 23       		.byte	0x23
 772 0455 14       		.uleb128 0x14
 773 0456 00       		.byte	0
 774 0457 13       		.uleb128 0x13
 775 0458 4E040000 		.4byte	.LASF60
 776 045c 09       		.byte	0x9
 777 045d DB01     		.2byte	0x1db
 778 045f F4030000 		.4byte	0x3f4
 779 0463 11       		.uleb128 0x11
 780 0464 24       		.byte	0x24
 781 0465 09       		.byte	0x9
 782 0466 4D03     		.2byte	0x34d
 783 0468 79050000 		.4byte	0x579
 784 046c 0C       		.uleb128 0xc
 785 046d 43523100 		.ascii	"CR1\000"
 786 0471 09       		.byte	0x9
 787 0472 4F03     		.2byte	0x34f
 788 0474 EA030000 		.4byte	0x3ea
 789 0478 02       		.byte	0x2
 790 0479 23       		.byte	0x23
 791 047a 00       		.uleb128 0
 792 047b 12       		.uleb128 0x12
 793 047c EF020000 		.4byte	.LASF61
 794 0480 09       		.byte	0x9
 795 0481 5003     		.2byte	0x350
 796 0483 62000000 		.4byte	0x62
ARM GAS  /tmp/ccnMnone.s 			page 15


 797 0487 02       		.byte	0x2
 798 0488 23       		.byte	0x23
 799 0489 02       		.uleb128 0x2
 800 048a 0C       		.uleb128 0xc
 801 048b 43523200 		.ascii	"CR2\000"
 802 048f 09       		.byte	0x9
 803 0490 5103     		.2byte	0x351
 804 0492 EA030000 		.4byte	0x3ea
 805 0496 02       		.byte	0x2
 806 0497 23       		.byte	0x23
 807 0498 04       		.uleb128 0x4
 808 0499 12       		.uleb128 0x12
 809 049a F9020000 		.4byte	.LASF62
 810 049e 09       		.byte	0x9
 811 049f 5203     		.2byte	0x352
 812 04a1 62000000 		.4byte	0x62
 813 04a5 02       		.byte	0x2
 814 04a6 23       		.byte	0x23
 815 04a7 06       		.uleb128 0x6
 816 04a8 0C       		.uleb128 0xc
 817 04a9 535200   		.ascii	"SR\000"
 818 04ac 09       		.byte	0x9
 819 04ad 5303     		.2byte	0x353
 820 04af EA030000 		.4byte	0x3ea
 821 04b3 02       		.byte	0x2
 822 04b4 23       		.byte	0x23
 823 04b5 08       		.uleb128 0x8
 824 04b6 12       		.uleb128 0x12
 825 04b7 03030000 		.4byte	.LASF63
 826 04bb 09       		.byte	0x9
 827 04bc 5403     		.2byte	0x354
 828 04be 62000000 		.4byte	0x62
 829 04c2 02       		.byte	0x2
 830 04c3 23       		.byte	0x23
 831 04c4 0A       		.uleb128 0xa
 832 04c5 0C       		.uleb128 0xc
 833 04c6 445200   		.ascii	"DR\000"
 834 04c9 09       		.byte	0x9
 835 04ca 5503     		.2byte	0x355
 836 04cc EA030000 		.4byte	0x3ea
 837 04d0 02       		.byte	0x2
 838 04d1 23       		.byte	0x23
 839 04d2 0C       		.uleb128 0xc
 840 04d3 12       		.uleb128 0x12
 841 04d4 0D030000 		.4byte	.LASF64
 842 04d8 09       		.byte	0x9
 843 04d9 5603     		.2byte	0x356
 844 04db 62000000 		.4byte	0x62
 845 04df 02       		.byte	0x2
 846 04e0 23       		.byte	0x23
 847 04e1 0E       		.uleb128 0xe
 848 04e2 12       		.uleb128 0x12
 849 04e3 59000000 		.4byte	.LASF65
 850 04e7 09       		.byte	0x9
 851 04e8 5703     		.2byte	0x357
 852 04ea EA030000 		.4byte	0x3ea
 853 04ee 02       		.byte	0x2
ARM GAS  /tmp/ccnMnone.s 			page 16


 854 04ef 23       		.byte	0x23
 855 04f0 10       		.uleb128 0x10
 856 04f1 12       		.uleb128 0x12
 857 04f2 17030000 		.4byte	.LASF66
 858 04f6 09       		.byte	0x9
 859 04f7 5803     		.2byte	0x358
 860 04f9 62000000 		.4byte	0x62
 861 04fd 02       		.byte	0x2
 862 04fe 23       		.byte	0x23
 863 04ff 12       		.uleb128 0x12
 864 0500 12       		.uleb128 0x12
 865 0501 B1040000 		.4byte	.LASF67
 866 0505 09       		.byte	0x9
 867 0506 5903     		.2byte	0x359
 868 0508 EA030000 		.4byte	0x3ea
 869 050c 02       		.byte	0x2
 870 050d 23       		.byte	0x23
 871 050e 14       		.uleb128 0x14
 872 050f 12       		.uleb128 0x12
 873 0510 D0030000 		.4byte	.LASF68
 874 0514 09       		.byte	0x9
 875 0515 5A03     		.2byte	0x35a
 876 0517 62000000 		.4byte	0x62
 877 051b 02       		.byte	0x2
 878 051c 23       		.byte	0x23
 879 051d 16       		.uleb128 0x16
 880 051e 12       		.uleb128 0x12
 881 051f E8020000 		.4byte	.LASF69
 882 0523 09       		.byte	0x9
 883 0524 5B03     		.2byte	0x35b
 884 0526 EA030000 		.4byte	0x3ea
 885 052a 02       		.byte	0x2
 886 052b 23       		.byte	0x23
 887 052c 18       		.uleb128 0x18
 888 052d 12       		.uleb128 0x12
 889 052e 28030000 		.4byte	.LASF70
 890 0532 09       		.byte	0x9
 891 0533 5C03     		.2byte	0x35c
 892 0535 62000000 		.4byte	0x62
 893 0539 02       		.byte	0x2
 894 053a 23       		.byte	0x23
 895 053b 1A       		.uleb128 0x1a
 896 053c 12       		.uleb128 0x12
 897 053d E4000000 		.4byte	.LASF71
 898 0541 09       		.byte	0x9
 899 0542 5D03     		.2byte	0x35d
 900 0544 EA030000 		.4byte	0x3ea
 901 0548 02       		.byte	0x2
 902 0549 23       		.byte	0x23
 903 054a 1C       		.uleb128 0x1c
 904 054b 12       		.uleb128 0x12
 905 054c 32030000 		.4byte	.LASF72
 906 0550 09       		.byte	0x9
 907 0551 5E03     		.2byte	0x35e
 908 0553 62000000 		.4byte	0x62
 909 0557 02       		.byte	0x2
 910 0558 23       		.byte	0x23
ARM GAS  /tmp/ccnMnone.s 			page 17


 911 0559 1E       		.uleb128 0x1e
 912 055a 12       		.uleb128 0x12
 913 055b A4020000 		.4byte	.LASF73
 914 055f 09       		.byte	0x9
 915 0560 5F03     		.2byte	0x35f
 916 0562 EA030000 		.4byte	0x3ea
 917 0566 02       		.byte	0x2
 918 0567 23       		.byte	0x23
 919 0568 20       		.uleb128 0x20
 920 0569 12       		.uleb128 0x12
 921 056a 3C030000 		.4byte	.LASF74
 922 056e 09       		.byte	0x9
 923 056f 6003     		.2byte	0x360
 924 0571 62000000 		.4byte	0x62
 925 0575 02       		.byte	0x2
 926 0576 23       		.byte	0x23
 927 0577 22       		.uleb128 0x22
 928 0578 00       		.byte	0
 929 0579 13       		.uleb128 0x13
 930 057a FD030000 		.4byte	.LASF75
 931 057e 09       		.byte	0x9
 932 057f 6103     		.2byte	0x361
 933 0581 63040000 		.4byte	0x463
 934 0585 08       		.uleb128 0x8
 935 0586 0C       		.byte	0xc
 936 0587 0A       		.byte	0xa
 937 0588 DE       		.byte	0xde
 938 0589 D4050000 		.4byte	0x5d4
 939 058d 06       		.uleb128 0x6
 940 058e 2B000000 		.4byte	.LASF76
 941 0592 0A       		.byte	0xa
 942 0593 DF       		.byte	0xdf
 943 0594 D4050000 		.4byte	0x5d4
 944 0598 02       		.byte	0x2
 945 0599 23       		.byte	0x23
 946 059a 00       		.uleb128 0
 947 059b 06       		.uleb128 0x6
 948 059c CB030000 		.4byte	.LASF77
 949 05a0 0A       		.byte	0xa
 950 05a1 E0       		.byte	0xe0
 951 05a2 DA050000 		.4byte	0x5da
 952 05a6 02       		.byte	0x2
 953 05a7 23       		.byte	0x23
 954 05a8 04       		.uleb128 0x4
 955 05a9 06       		.uleb128 0x6
 956 05aa 58020000 		.4byte	.LASF78
 957 05ae 0A       		.byte	0xa
 958 05af E1       		.byte	0xe1
 959 05b0 49000000 		.4byte	0x49
 960 05b4 02       		.byte	0x2
 961 05b5 23       		.byte	0x23
 962 05b6 08       		.uleb128 0x8
 963 05b7 06       		.uleb128 0x6
 964 05b8 19020000 		.4byte	.LASF79
 965 05bc 0A       		.byte	0xa
 966 05bd E3       		.byte	0xe3
 967 05be 49000000 		.4byte	0x49
ARM GAS  /tmp/ccnMnone.s 			page 18


 968 05c2 02       		.byte	0x2
 969 05c3 23       		.byte	0x23
 970 05c4 09       		.uleb128 0x9
 971 05c5 06       		.uleb128 0x6
 972 05c6 6E000000 		.4byte	.LASF80
 973 05ca 0A       		.byte	0xa
 974 05cb E4       		.byte	0xe4
 975 05cc 49000000 		.4byte	0x49
 976 05d0 02       		.byte	0x2
 977 05d1 23       		.byte	0x23
 978 05d2 0A       		.uleb128 0xa
 979 05d3 00       		.byte	0
 980 05d4 09       		.uleb128 0x9
 981 05d5 04       		.byte	0x4
 982 05d6 57040000 		.4byte	0x457
 983 05da 09       		.uleb128 0x9
 984 05db 04       		.byte	0x4
 985 05dc 44030000 		.4byte	0x344
 986 05e0 03       		.uleb128 0x3
 987 05e1 6A030000 		.4byte	.LASF81
 988 05e5 0A       		.byte	0xa
 989 05e6 E5       		.byte	0xe5
 990 05e7 85050000 		.4byte	0x585
 991 05eb 08       		.uleb128 0x8
 992 05ec 04       		.byte	0x4
 993 05ed 0B       		.byte	0xb
 994 05ee 9A       		.byte	0x9a
 995 05ef 10060000 		.4byte	0x610
 996 05f3 07       		.uleb128 0x7
 997 05f4 73657400 		.ascii	"set\000"
 998 05f8 0B       		.byte	0xb
 999 05f9 9B       		.byte	0x9b
 1000 05fa 62000000 		.4byte	0x62
 1001 05fe 02       		.byte	0x2
 1002 05ff 23       		.byte	0x23
 1003 0600 00       		.uleb128 0
 1004 0601 06       		.uleb128 0x6
 1005 0602 B3020000 		.4byte	.LASF82
 1006 0606 0B       		.byte	0xb
 1007 0607 9C       		.byte	0x9c
 1008 0608 62000000 		.4byte	0x62
 1009 060c 02       		.byte	0x2
 1010 060d 23       		.byte	0x23
 1011 060e 02       		.uleb128 0x2
 1012 060f 00       		.byte	0
 1013 0610 0E       		.uleb128 0xe
 1014 0611 04       		.byte	0x4
 1015 0612 0B       		.byte	0xb
 1016 0613 98       		.byte	0x98
 1017 0614 2B060000 		.4byte	0x62b
 1018 0618 14       		.uleb128 0x14
 1019 0619 5700     		.ascii	"W\000"
 1020 061b 0B       		.byte	0xb
 1021 061c 99       		.byte	0x99
 1022 061d 86000000 		.4byte	0x86
 1023 0621 14       		.uleb128 0x14
 1024 0622 4800     		.ascii	"H\000"
ARM GAS  /tmp/ccnMnone.s 			page 19


 1025 0624 0B       		.byte	0xb
 1026 0625 9D       		.byte	0x9d
 1027 0626 EB050000 		.4byte	0x5eb
 1028 062a 00       		.byte	0
 1029 062b 08       		.uleb128 0x8
 1030 062c 28       		.byte	0x28
 1031 062d 0B       		.byte	0xb
 1032 062e 90       		.byte	0x90
 1033 062f C0060000 		.4byte	0x6c0
 1034 0633 06       		.uleb128 0x6
 1035 0634 32000000 		.4byte	.LASF83
 1036 0638 0B       		.byte	0xb
 1037 0639 92       		.byte	0x92
 1038 063a 44030000 		.4byte	0x344
 1039 063e 02       		.byte	0x2
 1040 063f 23       		.byte	0x23
 1041 0640 00       		.uleb128 0
 1042 0641 06       		.uleb128 0x6
 1043 0642 19000000 		.4byte	.LASF84
 1044 0646 0B       		.byte	0xb
 1045 0647 93       		.byte	0x93
 1046 0648 44030000 		.4byte	0x344
 1047 064c 02       		.byte	0x2
 1048 064d 23       		.byte	0x23
 1049 064e 04       		.uleb128 0x4
 1050 064f 06       		.uleb128 0x6
 1051 0650 F8010000 		.4byte	.LASF85
 1052 0654 0B       		.byte	0xb
 1053 0655 94       		.byte	0x94
 1054 0656 44030000 		.4byte	0x344
 1055 065a 02       		.byte	0x2
 1056 065b 23       		.byte	0x23
 1057 065c 08       		.uleb128 0x8
 1058 065d 06       		.uleb128 0x6
 1059 065e 5F000000 		.4byte	.LASF86
 1060 0662 0B       		.byte	0xb
 1061 0663 95       		.byte	0x95
 1062 0664 44030000 		.4byte	0x344
 1063 0668 02       		.byte	0x2
 1064 0669 23       		.byte	0x23
 1065 066a 0C       		.uleb128 0xc
 1066 066b 07       		.uleb128 0x7
 1067 066c 49445200 		.ascii	"IDR\000"
 1068 0670 0B       		.byte	0xb
 1069 0671 96       		.byte	0x96
 1070 0672 44030000 		.4byte	0x344
 1071 0676 02       		.byte	0x2
 1072 0677 23       		.byte	0x23
 1073 0678 10       		.uleb128 0x10
 1074 0679 07       		.uleb128 0x7
 1075 067a 4F445200 		.ascii	"ODR\000"
 1076 067e 0B       		.byte	0xb
 1077 067f 97       		.byte	0x97
 1078 0680 44030000 		.4byte	0x344
 1079 0684 02       		.byte	0x2
 1080 0685 23       		.byte	0x23
 1081 0686 14       		.uleb128 0x14
ARM GAS  /tmp/ccnMnone.s 			page 20


 1082 0687 06       		.uleb128 0x6
 1083 0688 D6000000 		.4byte	.LASF87
 1084 068c 0B       		.byte	0xb
 1085 068d 9E       		.byte	0x9e
 1086 068e C0060000 		.4byte	0x6c0
 1087 0692 02       		.byte	0x2
 1088 0693 23       		.byte	0x23
 1089 0694 18       		.uleb128 0x18
 1090 0695 06       		.uleb128 0x6
 1091 0696 53020000 		.4byte	.LASF88
 1092 069a 0B       		.byte	0xb
 1093 069b 9F       		.byte	0x9f
 1094 069c 44030000 		.4byte	0x344
 1095 06a0 02       		.byte	0x2
 1096 06a1 23       		.byte	0x23
 1097 06a2 1C       		.uleb128 0x1c
 1098 06a3 06       		.uleb128 0x6
 1099 06a4 E3020000 		.4byte	.LASF89
 1100 06a8 0B       		.byte	0xb
 1101 06a9 A0       		.byte	0xa0
 1102 06aa 44030000 		.4byte	0x344
 1103 06ae 02       		.byte	0x2
 1104 06af 23       		.byte	0x23
 1105 06b0 20       		.uleb128 0x20
 1106 06b1 06       		.uleb128 0x6
 1107 06b2 DE020000 		.4byte	.LASF90
 1108 06b6 0B       		.byte	0xb
 1109 06b7 A1       		.byte	0xa1
 1110 06b8 44030000 		.4byte	0x344
 1111 06bc 02       		.byte	0x2
 1112 06bd 23       		.byte	0x23
 1113 06be 24       		.uleb128 0x24
 1114 06bf 00       		.byte	0
 1115 06c0 0D       		.uleb128 0xd
 1116 06c1 10060000 		.4byte	0x610
 1117 06c5 03       		.uleb128 0x3
 1118 06c6 E5010000 		.4byte	.LASF91
 1119 06ca 0B       		.byte	0xb
 1120 06cb A2       		.byte	0xa2
 1121 06cc 2B060000 		.4byte	0x62b
 1122 06d0 03       		.uleb128 0x3
 1123 06d1 61040000 		.4byte	.LASF92
 1124 06d5 0B       		.byte	0xb
 1125 06d6 F9       		.byte	0xf9
 1126 06d7 DB060000 		.4byte	0x6db
 1127 06db 09       		.uleb128 0x9
 1128 06dc 04       		.byte	0x4
 1129 06dd C5060000 		.4byte	0x6c5
 1130 06e1 15       		.uleb128 0x15
 1131 06e2 01       		.byte	0x1
 1132 06e3 0C       		.byte	0xc
 1133 06e4 4E       		.byte	0x4e
 1134 06e5 08070000 		.4byte	0x708
 1135 06e9 16       		.uleb128 0x16
 1136 06ea 8A040000 		.4byte	.LASF93
 1137 06ee 00       		.sleb128 0
 1138 06ef 16       		.uleb128 0x16
ARM GAS  /tmp/ccnMnone.s 			page 21


 1139 06f0 DB000000 		.4byte	.LASF94
 1140 06f4 01       		.sleb128 1
 1141 06f5 16       		.uleb128 0x16
 1142 06f6 4F000000 		.4byte	.LASF95
 1143 06fa 02       		.sleb128 2
 1144 06fb 16       		.uleb128 0x16
 1145 06fc 20000000 		.4byte	.LASF96
 1146 0700 03       		.sleb128 3
 1147 0701 16       		.uleb128 0x16
 1148 0702 0E040000 		.4byte	.LASF97
 1149 0706 04       		.sleb128 4
 1150 0707 00       		.byte	0
 1151 0708 03       		.uleb128 0x3
 1152 0709 22040000 		.4byte	.LASF98
 1153 070d 0C       		.byte	0xc
 1154 070e 54       		.byte	0x54
 1155 070f E1060000 		.4byte	0x6e1
 1156 0713 13       		.uleb128 0x13
 1157 0714 8B000000 		.4byte	.LASF99
 1158 0718 0D       		.byte	0xd
 1159 0719 1E01     		.2byte	0x11e
 1160 071b 1F070000 		.4byte	0x71f
 1161 071f 0B       		.uleb128 0xb
 1162 0720 8B000000 		.4byte	.LASF99
 1163 0724 30       		.byte	0x30
 1164 0725 0D       		.byte	0xd
 1165 0726 4201     		.2byte	0x142
 1166 0728 B4070000 		.4byte	0x7b4
 1167 072c 12       		.uleb128 0x12
 1168 072d 55010000 		.4byte	.LASF100
 1169 0731 0D       		.byte	0xd
 1170 0732 4601     		.2byte	0x146
 1171 0734 08070000 		.4byte	0x708
 1172 0738 02       		.byte	0x2
 1173 0739 23       		.byte	0x23
 1174 073a 00       		.uleb128 0
 1175 073b 12       		.uleb128 0x12
 1176 073c 1B040000 		.4byte	.LASF101
 1177 0740 0D       		.byte	0xd
 1178 0741 4A01     		.2byte	0x14a
 1179 0743 2A080000 		.4byte	0x82a
 1180 0747 02       		.byte	0x2
 1181 0748 23       		.byte	0x23
 1182 0749 04       		.uleb128 0x4
 1183 074a 12       		.uleb128 0x12
 1184 074b 6D010000 		.4byte	.LASF102
 1185 074f 0D       		.byte	0xd
 1186 0750 4F01     		.2byte	0x14f
 1187 0752 53020000 		.4byte	0x253
 1188 0756 02       		.byte	0x2
 1189 0757 23       		.byte	0x23
 1190 0758 08       		.uleb128 0x8
 1191 0759 12       		.uleb128 0x12
 1192 075a 4E030000 		.4byte	.LASF103
 1193 075e 0D       		.byte	0xd
 1194 075f 5601     		.2byte	0x156
 1195 0761 92030000 		.4byte	0x392
ARM GAS  /tmp/ccnMnone.s 			page 22


 1196 0765 02       		.byte	0x2
 1197 0766 23       		.byte	0x23
 1198 0767 0C       		.uleb128 0xc
 1199 0768 0C       		.uleb128 0xc
 1200 0769 73706900 		.ascii	"spi\000"
 1201 076d 0D       		.byte	0xd
 1202 076e 6201     		.2byte	0x162
 1203 0770 35080000 		.4byte	0x835
 1204 0774 02       		.byte	0x2
 1205 0775 23       		.byte	0x23
 1206 0776 1C       		.uleb128 0x1c
 1207 0777 12       		.uleb128 0x12
 1208 0778 00000000 		.4byte	.LASF104
 1209 077c 0D       		.byte	0xd
 1210 077d 6601     		.2byte	0x166
 1211 077f 3B080000 		.4byte	0x83b
 1212 0783 02       		.byte	0x2
 1213 0784 23       		.byte	0x23
 1214 0785 20       		.uleb128 0x20
 1215 0786 12       		.uleb128 0x12
 1216 0787 F2010000 		.4byte	.LASF105
 1217 078b 0D       		.byte	0xd
 1218 078c 6A01     		.2byte	0x16a
 1219 078e 3B080000 		.4byte	0x83b
 1220 0792 02       		.byte	0x2
 1221 0793 23       		.byte	0x23
 1222 0794 24       		.uleb128 0x24
 1223 0795 12       		.uleb128 0x12
 1224 0796 DB010000 		.4byte	.LASF106
 1225 079a 0D       		.byte	0xd
 1226 079b 6E01     		.2byte	0x16e
 1227 079d 86000000 		.4byte	0x86
 1228 07a1 02       		.byte	0x2
 1229 07a2 23       		.byte	0x23
 1230 07a3 28       		.uleb128 0x28
 1231 07a4 12       		.uleb128 0x12
 1232 07a5 D4020000 		.4byte	.LASF107
 1233 07a9 0D       		.byte	0xd
 1234 07aa 7201     		.2byte	0x172
 1235 07ac 86000000 		.4byte	0x86
 1236 07b0 02       		.byte	0x2
 1237 07b1 23       		.byte	0x23
 1238 07b2 2C       		.uleb128 0x2c
 1239 07b3 00       		.byte	0
 1240 07b4 13       		.uleb128 0x13
 1241 07b5 47010000 		.4byte	.LASF108
 1242 07b9 0D       		.byte	0xd
 1243 07ba 2601     		.2byte	0x126
 1244 07bc C0070000 		.4byte	0x7c0
 1245 07c0 09       		.uleb128 0x9
 1246 07c1 04       		.byte	0x4
 1247 07c2 C6070000 		.4byte	0x7c6
 1248 07c6 17       		.uleb128 0x17
 1249 07c7 01       		.byte	0x1
 1250 07c8 D2070000 		.4byte	0x7d2
 1251 07cc 18       		.uleb128 0x18
 1252 07cd D2070000 		.4byte	0x7d2
ARM GAS  /tmp/ccnMnone.s 			page 23


 1253 07d1 00       		.byte	0
 1254 07d2 09       		.uleb128 0x9
 1255 07d3 04       		.byte	0x4
 1256 07d4 13070000 		.4byte	0x713
 1257 07d8 11       		.uleb128 0x11
 1258 07d9 0C       		.byte	0xc
 1259 07da 0D       		.byte	0xd
 1260 07db 2B01     		.2byte	0x12b
 1261 07dd 1E080000 		.4byte	0x81e
 1262 07e1 12       		.uleb128 0x12
 1263 07e2 D4010000 		.4byte	.LASF109
 1264 07e6 0D       		.byte	0xd
 1265 07e7 2F01     		.2byte	0x12f
 1266 07e9 B4070000 		.4byte	0x7b4
 1267 07ed 02       		.byte	0x2
 1268 07ee 23       		.byte	0x23
 1269 07ef 00       		.uleb128 0
 1270 07f0 12       		.uleb128 0x12
 1271 07f1 95000000 		.4byte	.LASF110
 1272 07f5 0D       		.byte	0xd
 1273 07f6 3401     		.2byte	0x134
 1274 07f8 D0060000 		.4byte	0x6d0
 1275 07fc 02       		.byte	0x2
 1276 07fd 23       		.byte	0x23
 1277 07fe 04       		.uleb128 0x4
 1278 07ff 12       		.uleb128 0x12
 1279 0800 B6000000 		.4byte	.LASF111
 1280 0804 0D       		.byte	0xd
 1281 0805 3801     		.2byte	0x138
 1282 0807 62000000 		.4byte	0x62
 1283 080b 02       		.byte	0x2
 1284 080c 23       		.byte	0x23
 1285 080d 08       		.uleb128 0x8
 1286 080e 0C       		.uleb128 0xc
 1287 080f 63723100 		.ascii	"cr1\000"
 1288 0813 0D       		.byte	0xd
 1289 0814 3C01     		.2byte	0x13c
 1290 0816 62000000 		.4byte	0x62
 1291 081a 02       		.byte	0x2
 1292 081b 23       		.byte	0x23
 1293 081c 0A       		.uleb128 0xa
 1294 081d 00       		.byte	0
 1295 081e 13       		.uleb128 0x13
 1296 081f D3040000 		.4byte	.LASF112
 1297 0823 0D       		.byte	0xd
 1298 0824 3D01     		.2byte	0x13d
 1299 0826 D8070000 		.4byte	0x7d8
 1300 082a 09       		.uleb128 0x9
 1301 082b 04       		.byte	0x4
 1302 082c 30080000 		.4byte	0x830
 1303 0830 10       		.uleb128 0x10
 1304 0831 1E080000 		.4byte	0x81e
 1305 0835 09       		.uleb128 0x9
 1306 0836 04       		.byte	0x4
 1307 0837 79050000 		.4byte	0x579
 1308 083b 09       		.uleb128 0x9
 1309 083c 04       		.byte	0x4
ARM GAS  /tmp/ccnMnone.s 			page 24


 1310 083d 41080000 		.4byte	0x841
 1311 0841 10       		.uleb128 0x10
 1312 0842 E0050000 		.4byte	0x5e0
 1313 0846 19       		.uleb128 0x19
 1314 0847 01       		.byte	0x1
 1315 0848 95040000 		.4byte	.LASF123
 1316 084c 01       		.byte	0x1
 1317 084d 40       		.byte	0x40
 1318 084e 01       		.byte	0x1
 1319 084f 49000000 		.4byte	0x49
 1320 0853 00000000 		.4byte	.LFB118
 1321 0857 3A000000 		.4byte	.LFE118
 1322 085b 00000000 		.4byte	.LLST0
 1323 085f 01       		.byte	0x1
 1324 0860 CC080000 		.4byte	0x8cc
 1325 0864 1A       		.uleb128 0x1a
 1326 0865 C0040000 		.4byte	.LASF113
 1327 0869 01       		.byte	0x1
 1328 086a 40       		.byte	0x40
 1329 086b D2070000 		.4byte	0x7d2
 1330 086f 20000000 		.4byte	.LLST1
 1331 0873 1B       		.uleb128 0x1b
 1332 0874 72656700 		.ascii	"reg\000"
 1333 0878 01       		.byte	0x1
 1334 0879 40       		.byte	0x40
 1335 087a 49000000 		.4byte	0x49
 1336 087e 3E000000 		.4byte	.LLST2
 1337 0882 1C       		.uleb128 0x1c
 1338 0883 1E000000 		.4byte	.LVL1
 1339 0887 9B090000 		.4byte	0x99b
 1340 088b 96080000 		.4byte	0x896
 1341 088f 1D       		.uleb128 0x1d
 1342 0890 01       		.byte	0x1
 1343 0891 50       		.byte	0x50
 1344 0892 02       		.byte	0x2
 1345 0893 76       		.byte	0x76
 1346 0894 00       		.sleb128 0
 1347 0895 00       		.byte	0
 1348 0896 1C       		.uleb128 0x1c
 1349 0897 30000000 		.4byte	.LVL2
 1350 089b B0090000 		.4byte	0x9b0
 1351 089f BB080000 		.4byte	0x8bb
 1352 08a3 1D       		.uleb128 0x1d
 1353 08a4 01       		.byte	0x1
 1354 08a5 53       		.byte	0x53
 1355 08a6 02       		.byte	0x2
 1356 08a7 75       		.byte	0x75
 1357 08a8 00       		.sleb128 0
 1358 08a9 1D       		.uleb128 0x1d
 1359 08aa 01       		.byte	0x1
 1360 08ab 52       		.byte	0x52
 1361 08ac 02       		.byte	0x2
 1362 08ad 74       		.byte	0x74
 1363 08ae 00       		.sleb128 0
 1364 08af 1D       		.uleb128 0x1d
 1365 08b0 01       		.byte	0x1
 1366 08b1 51       		.byte	0x51
ARM GAS  /tmp/ccnMnone.s 			page 25


 1367 08b2 01       		.byte	0x1
 1368 08b3 32       		.byte	0x32
 1369 08b4 1D       		.uleb128 0x1d
 1370 08b5 01       		.byte	0x1
 1371 08b6 50       		.byte	0x50
 1372 08b7 02       		.byte	0x2
 1373 08b8 76       		.byte	0x76
 1374 08b9 00       		.sleb128 0
 1375 08ba 00       		.byte	0
 1376 08bb 1E       		.uleb128 0x1e
 1377 08bc 36000000 		.4byte	.LVL3
 1378 08c0 DB090000 		.4byte	0x9db
 1379 08c4 1D       		.uleb128 0x1d
 1380 08c5 01       		.byte	0x1
 1381 08c6 50       		.byte	0x50
 1382 08c7 02       		.byte	0x2
 1383 08c8 76       		.byte	0x76
 1384 08c9 00       		.sleb128 0
 1385 08ca 00       		.byte	0
 1386 08cb 00       		.byte	0
 1387 08cc 1F       		.uleb128 0x1f
 1388 08cd 01       		.byte	0x1
 1389 08ce 75000000 		.4byte	.LASF124
 1390 08d2 01       		.byte	0x1
 1391 08d3 52       		.byte	0x52
 1392 08d4 01       		.byte	0x1
 1393 08d5 00000000 		.4byte	.LFB119
 1394 08d9 48000000 		.4byte	.LFE119
 1395 08dd 5F000000 		.4byte	.LLST3
 1396 08e1 01       		.byte	0x1
 1397 08e2 5B090000 		.4byte	0x95b
 1398 08e6 1A       		.uleb128 0x1a
 1399 08e7 C0040000 		.4byte	.LASF113
 1400 08eb 01       		.byte	0x1
 1401 08ec 52       		.byte	0x52
 1402 08ed D2070000 		.4byte	0x7d2
 1403 08f1 7F000000 		.4byte	.LLST4
 1404 08f5 1B       		.uleb128 0x1b
 1405 08f6 72656700 		.ascii	"reg\000"
 1406 08fa 01       		.byte	0x1
 1407 08fb 52       		.byte	0x52
 1408 08fc 49000000 		.4byte	0x49
 1409 0900 A8000000 		.4byte	.LLST5
 1410 0904 1A       		.uleb128 0x1a
 1411 0905 2F020000 		.4byte	.LASF114
 1412 0909 01       		.byte	0x1
 1413 090a 52       		.byte	0x52
 1414 090b 49000000 		.4byte	0x49
 1415 090f C9000000 		.4byte	.LLST6
 1416 0913 1C       		.uleb128 0x1c
 1417 0914 28000000 		.4byte	.LVL7
 1418 0918 9B090000 		.4byte	0x99b
 1419 091c 27090000 		.4byte	0x927
 1420 0920 1D       		.uleb128 0x1d
 1421 0921 01       		.byte	0x1
 1422 0922 50       		.byte	0x50
 1423 0923 02       		.byte	0x2
ARM GAS  /tmp/ccnMnone.s 			page 26


 1424 0924 76       		.byte	0x76
 1425 0925 00       		.sleb128 0
 1426 0926 00       		.byte	0
 1427 0927 1C       		.uleb128 0x1c
 1428 0928 38000000 		.4byte	.LVL8
 1429 092c F0090000 		.4byte	0x9f0
 1430 0930 49090000 		.4byte	0x949
 1431 0934 1D       		.uleb128 0x1d
 1432 0935 01       		.byte	0x1
 1433 0936 52       		.byte	0x52
 1434 0937 05       		.byte	0x5
 1435 0938 03       		.byte	0x3
 1436 0939 00000000 		.4byte	.LANCHOR0
 1437 093d 1D       		.uleb128 0x1d
 1438 093e 01       		.byte	0x1
 1439 093f 51       		.byte	0x51
 1440 0940 01       		.byte	0x1
 1441 0941 32       		.byte	0x32
 1442 0942 1D       		.uleb128 0x1d
 1443 0943 01       		.byte	0x1
 1444 0944 50       		.byte	0x50
 1445 0945 02       		.byte	0x2
 1446 0946 76       		.byte	0x76
 1447 0947 00       		.sleb128 0
 1448 0948 00       		.byte	0
 1449 0949 20       		.uleb128 0x20
 1450 094a 42000000 		.4byte	.LVL9
 1451 094e 01       		.byte	0x1
 1452 094f DB090000 		.4byte	0x9db
 1453 0953 1D       		.uleb128 0x1d
 1454 0954 01       		.byte	0x1
 1455 0955 50       		.byte	0x50
 1456 0956 02       		.byte	0x2
 1457 0957 76       		.byte	0x76
 1458 0958 00       		.sleb128 0
 1459 0959 00       		.byte	0
 1460 095a 00       		.byte	0
 1461 095b 21       		.uleb128 0x21
 1462 095c 49000000 		.4byte	0x49
 1463 0960 6B090000 		.4byte	0x96b
 1464 0964 22       		.uleb128 0x22
 1465 0965 49030000 		.4byte	0x349
 1466 0969 01       		.byte	0x1
 1467 096a 00       		.byte	0
 1468 096b 23       		.uleb128 0x23
 1469 096c 42020000 		.4byte	.LASF115
 1470 0970 01       		.byte	0x1
 1471 0971 2D       		.byte	0x2d
 1472 0972 5B090000 		.4byte	0x95b
 1473 0976 05       		.byte	0x5
 1474 0977 03       		.byte	0x3
 1475 0978 00000000 		.4byte	txbuf
 1476 097c 23       		.uleb128 0x23
 1477 097d A9000000 		.4byte	.LASF116
 1478 0981 01       		.byte	0x1
 1479 0982 2E       		.byte	0x2e
 1480 0983 5B090000 		.4byte	0x95b
ARM GAS  /tmp/ccnMnone.s 			page 27


 1481 0987 05       		.byte	0x5
 1482 0988 03       		.byte	0x3
 1483 0989 00000000 		.4byte	rxbuf
 1484 098d 24       		.uleb128 0x24
 1485 098e 9C000000 		.4byte	.LASF125
 1486 0992 0E       		.byte	0xe
 1487 0993 9806     		.2byte	0x698
 1488 0995 EF030000 		.4byte	0x3ef
 1489 0999 01       		.byte	0x1
 1490 099a 01       		.byte	0x1
 1491 099b 25       		.uleb128 0x25
 1492 099c 01       		.byte	0x1
 1493 099d 74040000 		.4byte	.LASF117
 1494 09a1 0C       		.byte	0xc
 1495 09a2 2A01     		.2byte	0x12a
 1496 09a4 01       		.byte	0x1
 1497 09a5 01       		.byte	0x1
 1498 09a6 B0090000 		.4byte	0x9b0
 1499 09aa 18       		.uleb128 0x18
 1500 09ab D2070000 		.4byte	0x7d2
 1501 09af 00       		.byte	0
 1502 09b0 25       		.uleb128 0x25
 1503 09b1 01       		.byte	0x1
 1504 09b2 98020000 		.4byte	.LASF118
 1505 09b6 0C       		.byte	0xc
 1506 09b7 3301     		.2byte	0x133
 1507 09b9 01       		.byte	0x1
 1508 09ba 01       		.byte	0x1
 1509 09bb D4090000 		.4byte	0x9d4
 1510 09bf 18       		.uleb128 0x18
 1511 09c0 D2070000 		.4byte	0x7d2
 1512 09c4 18       		.uleb128 0x18
 1513 09c5 30000000 		.4byte	0x30
 1514 09c9 18       		.uleb128 0x18
 1515 09ca D4090000 		.4byte	0x9d4
 1516 09ce 18       		.uleb128 0x18
 1517 09cf 91020000 		.4byte	0x291
 1518 09d3 00       		.byte	0
 1519 09d4 09       		.uleb128 0x9
 1520 09d5 04       		.byte	0x4
 1521 09d6 DA090000 		.4byte	0x9da
 1522 09da 26       		.uleb128 0x26
 1523 09db 25       		.uleb128 0x25
 1524 09dc 01       		.byte	0x1
 1525 09dd 23020000 		.4byte	.LASF119
 1526 09e1 0C       		.byte	0xc
 1527 09e2 2B01     		.2byte	0x12b
 1528 09e4 01       		.byte	0x1
 1529 09e5 01       		.byte	0x1
 1530 09e6 F0090000 		.4byte	0x9f0
 1531 09ea 18       		.uleb128 0x18
 1532 09eb D2070000 		.4byte	0x7d2
 1533 09ef 00       		.byte	0
 1534 09f0 27       		.uleb128 0x27
 1535 09f1 01       		.byte	0x1
 1536 09f2 00020000 		.4byte	.LASF126
 1537 09f6 0C       		.byte	0xc
ARM GAS  /tmp/ccnMnone.s 			page 28


 1538 09f7 3401     		.2byte	0x134
 1539 09f9 01       		.byte	0x1
 1540 09fa 01       		.byte	0x1
 1541 09fb 18       		.uleb128 0x18
 1542 09fc D2070000 		.4byte	0x7d2
 1543 0a00 18       		.uleb128 0x18
 1544 0a01 30000000 		.4byte	0x30
 1545 0a05 18       		.uleb128 0x18
 1546 0a06 D4090000 		.4byte	0x9d4
 1547 0a0a 00       		.byte	0
 1548 0a0b 00       		.byte	0
 1549              		.section	.debug_abbrev,"",%progbits
 1550              	.Ldebug_abbrev0:
 1551 0000 01       		.uleb128 0x1
 1552 0001 11       		.uleb128 0x11
 1553 0002 01       		.byte	0x1
 1554 0003 25       		.uleb128 0x25
 1555 0004 0E       		.uleb128 0xe
 1556 0005 13       		.uleb128 0x13
 1557 0006 0B       		.uleb128 0xb
 1558 0007 03       		.uleb128 0x3
 1559 0008 0E       		.uleb128 0xe
 1560 0009 1B       		.uleb128 0x1b
 1561 000a 0E       		.uleb128 0xe
 1562 000b 55       		.uleb128 0x55
 1563 000c 06       		.uleb128 0x6
 1564 000d 11       		.uleb128 0x11
 1565 000e 01       		.uleb128 0x1
 1566 000f 52       		.uleb128 0x52
 1567 0010 01       		.uleb128 0x1
 1568 0011 10       		.uleb128 0x10
 1569 0012 06       		.uleb128 0x6
 1570 0013 00       		.byte	0
 1571 0014 00       		.byte	0
 1572 0015 02       		.uleb128 0x2
 1573 0016 24       		.uleb128 0x24
 1574 0017 00       		.byte	0
 1575 0018 0B       		.uleb128 0xb
 1576 0019 0B       		.uleb128 0xb
 1577 001a 3E       		.uleb128 0x3e
 1578 001b 0B       		.uleb128 0xb
 1579 001c 03       		.uleb128 0x3
 1580 001d 08       		.uleb128 0x8
 1581 001e 00       		.byte	0
 1582 001f 00       		.byte	0
 1583 0020 03       		.uleb128 0x3
 1584 0021 16       		.uleb128 0x16
 1585 0022 00       		.byte	0
 1586 0023 03       		.uleb128 0x3
 1587 0024 0E       		.uleb128 0xe
 1588 0025 3A       		.uleb128 0x3a
 1589 0026 0B       		.uleb128 0xb
 1590 0027 3B       		.uleb128 0x3b
 1591 0028 0B       		.uleb128 0xb
 1592 0029 49       		.uleb128 0x49
 1593 002a 13       		.uleb128 0x13
 1594 002b 00       		.byte	0
ARM GAS  /tmp/ccnMnone.s 			page 29


 1595 002c 00       		.byte	0
 1596 002d 04       		.uleb128 0x4
 1597 002e 24       		.uleb128 0x24
 1598 002f 00       		.byte	0
 1599 0030 0B       		.uleb128 0xb
 1600 0031 0B       		.uleb128 0xb
 1601 0032 3E       		.uleb128 0x3e
 1602 0033 0B       		.uleb128 0xb
 1603 0034 03       		.uleb128 0x3
 1604 0035 0E       		.uleb128 0xe
 1605 0036 00       		.byte	0
 1606 0037 00       		.byte	0
 1607 0038 05       		.uleb128 0x5
 1608 0039 13       		.uleb128 0x13
 1609 003a 01       		.byte	0x1
 1610 003b 03       		.uleb128 0x3
 1611 003c 0E       		.uleb128 0xe
 1612 003d 0B       		.uleb128 0xb
 1613 003e 0B       		.uleb128 0xb
 1614 003f 3A       		.uleb128 0x3a
 1615 0040 0B       		.uleb128 0xb
 1616 0041 3B       		.uleb128 0x3b
 1617 0042 0B       		.uleb128 0xb
 1618 0043 01       		.uleb128 0x1
 1619 0044 13       		.uleb128 0x13
 1620 0045 00       		.byte	0
 1621 0046 00       		.byte	0
 1622 0047 06       		.uleb128 0x6
 1623 0048 0D       		.uleb128 0xd
 1624 0049 00       		.byte	0
 1625 004a 03       		.uleb128 0x3
 1626 004b 0E       		.uleb128 0xe
 1627 004c 3A       		.uleb128 0x3a
 1628 004d 0B       		.uleb128 0xb
 1629 004e 3B       		.uleb128 0x3b
 1630 004f 0B       		.uleb128 0xb
 1631 0050 49       		.uleb128 0x49
 1632 0051 13       		.uleb128 0x13
 1633 0052 38       		.uleb128 0x38
 1634 0053 0A       		.uleb128 0xa
 1635 0054 00       		.byte	0
 1636 0055 00       		.byte	0
 1637 0056 07       		.uleb128 0x7
 1638 0057 0D       		.uleb128 0xd
 1639 0058 00       		.byte	0
 1640 0059 03       		.uleb128 0x3
 1641 005a 08       		.uleb128 0x8
 1642 005b 3A       		.uleb128 0x3a
 1643 005c 0B       		.uleb128 0xb
 1644 005d 3B       		.uleb128 0x3b
 1645 005e 0B       		.uleb128 0xb
 1646 005f 49       		.uleb128 0x49
 1647 0060 13       		.uleb128 0x13
 1648 0061 38       		.uleb128 0x38
 1649 0062 0A       		.uleb128 0xa
 1650 0063 00       		.byte	0
 1651 0064 00       		.byte	0
ARM GAS  /tmp/ccnMnone.s 			page 30


 1652 0065 08       		.uleb128 0x8
 1653 0066 13       		.uleb128 0x13
 1654 0067 01       		.byte	0x1
 1655 0068 0B       		.uleb128 0xb
 1656 0069 0B       		.uleb128 0xb
 1657 006a 3A       		.uleb128 0x3a
 1658 006b 0B       		.uleb128 0xb
 1659 006c 3B       		.uleb128 0x3b
 1660 006d 0B       		.uleb128 0xb
 1661 006e 01       		.uleb128 0x1
 1662 006f 13       		.uleb128 0x13
 1663 0070 00       		.byte	0
 1664 0071 00       		.byte	0
 1665 0072 09       		.uleb128 0x9
 1666 0073 0F       		.uleb128 0xf
 1667 0074 00       		.byte	0
 1668 0075 0B       		.uleb128 0xb
 1669 0076 0B       		.uleb128 0xb
 1670 0077 49       		.uleb128 0x49
 1671 0078 13       		.uleb128 0x13
 1672 0079 00       		.byte	0
 1673 007a 00       		.byte	0
 1674 007b 0A       		.uleb128 0xa
 1675 007c 0F       		.uleb128 0xf
 1676 007d 00       		.byte	0
 1677 007e 0B       		.uleb128 0xb
 1678 007f 0B       		.uleb128 0xb
 1679 0080 00       		.byte	0
 1680 0081 00       		.byte	0
 1681 0082 0B       		.uleb128 0xb
 1682 0083 13       		.uleb128 0x13
 1683 0084 01       		.byte	0x1
 1684 0085 03       		.uleb128 0x3
 1685 0086 0E       		.uleb128 0xe
 1686 0087 0B       		.uleb128 0xb
 1687 0088 0B       		.uleb128 0xb
 1688 0089 3A       		.uleb128 0x3a
 1689 008a 0B       		.uleb128 0xb
 1690 008b 3B       		.uleb128 0x3b
 1691 008c 05       		.uleb128 0x5
 1692 008d 01       		.uleb128 0x1
 1693 008e 13       		.uleb128 0x13
 1694 008f 00       		.byte	0
 1695 0090 00       		.byte	0
 1696 0091 0C       		.uleb128 0xc
 1697 0092 0D       		.uleb128 0xd
 1698 0093 00       		.byte	0
 1699 0094 03       		.uleb128 0x3
 1700 0095 08       		.uleb128 0x8
 1701 0096 3A       		.uleb128 0x3a
 1702 0097 0B       		.uleb128 0xb
 1703 0098 3B       		.uleb128 0x3b
 1704 0099 05       		.uleb128 0x5
 1705 009a 49       		.uleb128 0x49
 1706 009b 13       		.uleb128 0x13
 1707 009c 38       		.uleb128 0x38
 1708 009d 0A       		.uleb128 0xa
ARM GAS  /tmp/ccnMnone.s 			page 31


 1709 009e 00       		.byte	0
 1710 009f 00       		.byte	0
 1711 00a0 0D       		.uleb128 0xd
 1712 00a1 35       		.uleb128 0x35
 1713 00a2 00       		.byte	0
 1714 00a3 49       		.uleb128 0x49
 1715 00a4 13       		.uleb128 0x13
 1716 00a5 00       		.byte	0
 1717 00a6 00       		.byte	0
 1718 00a7 0E       		.uleb128 0xe
 1719 00a8 17       		.uleb128 0x17
 1720 00a9 01       		.byte	0x1
 1721 00aa 0B       		.uleb128 0xb
 1722 00ab 0B       		.uleb128 0xb
 1723 00ac 3A       		.uleb128 0x3a
 1724 00ad 0B       		.uleb128 0xb
 1725 00ae 3B       		.uleb128 0x3b
 1726 00af 0B       		.uleb128 0xb
 1727 00b0 01       		.uleb128 0x1
 1728 00b1 13       		.uleb128 0x13
 1729 00b2 00       		.byte	0
 1730 00b3 00       		.byte	0
 1731 00b4 0F       		.uleb128 0xf
 1732 00b5 0D       		.uleb128 0xd
 1733 00b6 00       		.byte	0
 1734 00b7 03       		.uleb128 0x3
 1735 00b8 0E       		.uleb128 0xe
 1736 00b9 3A       		.uleb128 0x3a
 1737 00ba 0B       		.uleb128 0xb
 1738 00bb 3B       		.uleb128 0x3b
 1739 00bc 0B       		.uleb128 0xb
 1740 00bd 49       		.uleb128 0x49
 1741 00be 13       		.uleb128 0x13
 1742 00bf 00       		.byte	0
 1743 00c0 00       		.byte	0
 1744 00c1 10       		.uleb128 0x10
 1745 00c2 26       		.uleb128 0x26
 1746 00c3 00       		.byte	0
 1747 00c4 49       		.uleb128 0x49
 1748 00c5 13       		.uleb128 0x13
 1749 00c6 00       		.byte	0
 1750 00c7 00       		.byte	0
 1751 00c8 11       		.uleb128 0x11
 1752 00c9 13       		.uleb128 0x13
 1753 00ca 01       		.byte	0x1
 1754 00cb 0B       		.uleb128 0xb
 1755 00cc 0B       		.uleb128 0xb
 1756 00cd 3A       		.uleb128 0x3a
 1757 00ce 0B       		.uleb128 0xb
 1758 00cf 3B       		.uleb128 0x3b
 1759 00d0 05       		.uleb128 0x5
 1760 00d1 01       		.uleb128 0x1
 1761 00d2 13       		.uleb128 0x13
 1762 00d3 00       		.byte	0
 1763 00d4 00       		.byte	0
 1764 00d5 12       		.uleb128 0x12
 1765 00d6 0D       		.uleb128 0xd
ARM GAS  /tmp/ccnMnone.s 			page 32


 1766 00d7 00       		.byte	0
 1767 00d8 03       		.uleb128 0x3
 1768 00d9 0E       		.uleb128 0xe
 1769 00da 3A       		.uleb128 0x3a
 1770 00db 0B       		.uleb128 0xb
 1771 00dc 3B       		.uleb128 0x3b
 1772 00dd 05       		.uleb128 0x5
 1773 00de 49       		.uleb128 0x49
 1774 00df 13       		.uleb128 0x13
 1775 00e0 38       		.uleb128 0x38
 1776 00e1 0A       		.uleb128 0xa
 1777 00e2 00       		.byte	0
 1778 00e3 00       		.byte	0
 1779 00e4 13       		.uleb128 0x13
 1780 00e5 16       		.uleb128 0x16
 1781 00e6 00       		.byte	0
 1782 00e7 03       		.uleb128 0x3
 1783 00e8 0E       		.uleb128 0xe
 1784 00e9 3A       		.uleb128 0x3a
 1785 00ea 0B       		.uleb128 0xb
 1786 00eb 3B       		.uleb128 0x3b
 1787 00ec 05       		.uleb128 0x5
 1788 00ed 49       		.uleb128 0x49
 1789 00ee 13       		.uleb128 0x13
 1790 00ef 00       		.byte	0
 1791 00f0 00       		.byte	0
 1792 00f1 14       		.uleb128 0x14
 1793 00f2 0D       		.uleb128 0xd
 1794 00f3 00       		.byte	0
 1795 00f4 03       		.uleb128 0x3
 1796 00f5 08       		.uleb128 0x8
 1797 00f6 3A       		.uleb128 0x3a
 1798 00f7 0B       		.uleb128 0xb
 1799 00f8 3B       		.uleb128 0x3b
 1800 00f9 0B       		.uleb128 0xb
 1801 00fa 49       		.uleb128 0x49
 1802 00fb 13       		.uleb128 0x13
 1803 00fc 00       		.byte	0
 1804 00fd 00       		.byte	0
 1805 00fe 15       		.uleb128 0x15
 1806 00ff 04       		.uleb128 0x4
 1807 0100 01       		.byte	0x1
 1808 0101 0B       		.uleb128 0xb
 1809 0102 0B       		.uleb128 0xb
 1810 0103 3A       		.uleb128 0x3a
 1811 0104 0B       		.uleb128 0xb
 1812 0105 3B       		.uleb128 0x3b
 1813 0106 0B       		.uleb128 0xb
 1814 0107 01       		.uleb128 0x1
 1815 0108 13       		.uleb128 0x13
 1816 0109 00       		.byte	0
 1817 010a 00       		.byte	0
 1818 010b 16       		.uleb128 0x16
 1819 010c 28       		.uleb128 0x28
 1820 010d 00       		.byte	0
 1821 010e 03       		.uleb128 0x3
 1822 010f 0E       		.uleb128 0xe
ARM GAS  /tmp/ccnMnone.s 			page 33


 1823 0110 1C       		.uleb128 0x1c
 1824 0111 0D       		.uleb128 0xd
 1825 0112 00       		.byte	0
 1826 0113 00       		.byte	0
 1827 0114 17       		.uleb128 0x17
 1828 0115 15       		.uleb128 0x15
 1829 0116 01       		.byte	0x1
 1830 0117 27       		.uleb128 0x27
 1831 0118 0C       		.uleb128 0xc
 1832 0119 01       		.uleb128 0x1
 1833 011a 13       		.uleb128 0x13
 1834 011b 00       		.byte	0
 1835 011c 00       		.byte	0
 1836 011d 18       		.uleb128 0x18
 1837 011e 05       		.uleb128 0x5
 1838 011f 00       		.byte	0
 1839 0120 49       		.uleb128 0x49
 1840 0121 13       		.uleb128 0x13
 1841 0122 00       		.byte	0
 1842 0123 00       		.byte	0
 1843 0124 19       		.uleb128 0x19
 1844 0125 2E       		.uleb128 0x2e
 1845 0126 01       		.byte	0x1
 1846 0127 3F       		.uleb128 0x3f
 1847 0128 0C       		.uleb128 0xc
 1848 0129 03       		.uleb128 0x3
 1849 012a 0E       		.uleb128 0xe
 1850 012b 3A       		.uleb128 0x3a
 1851 012c 0B       		.uleb128 0xb
 1852 012d 3B       		.uleb128 0x3b
 1853 012e 0B       		.uleb128 0xb
 1854 012f 27       		.uleb128 0x27
 1855 0130 0C       		.uleb128 0xc
 1856 0131 49       		.uleb128 0x49
 1857 0132 13       		.uleb128 0x13
 1858 0133 11       		.uleb128 0x11
 1859 0134 01       		.uleb128 0x1
 1860 0135 12       		.uleb128 0x12
 1861 0136 01       		.uleb128 0x1
 1862 0137 40       		.uleb128 0x40
 1863 0138 06       		.uleb128 0x6
 1864 0139 9742     		.uleb128 0x2117
 1865 013b 0C       		.uleb128 0xc
 1866 013c 01       		.uleb128 0x1
 1867 013d 13       		.uleb128 0x13
 1868 013e 00       		.byte	0
 1869 013f 00       		.byte	0
 1870 0140 1A       		.uleb128 0x1a
 1871 0141 05       		.uleb128 0x5
 1872 0142 00       		.byte	0
 1873 0143 03       		.uleb128 0x3
 1874 0144 0E       		.uleb128 0xe
 1875 0145 3A       		.uleb128 0x3a
 1876 0146 0B       		.uleb128 0xb
 1877 0147 3B       		.uleb128 0x3b
 1878 0148 0B       		.uleb128 0xb
 1879 0149 49       		.uleb128 0x49
ARM GAS  /tmp/ccnMnone.s 			page 34


 1880 014a 13       		.uleb128 0x13
 1881 014b 02       		.uleb128 0x2
 1882 014c 06       		.uleb128 0x6
 1883 014d 00       		.byte	0
 1884 014e 00       		.byte	0
 1885 014f 1B       		.uleb128 0x1b
 1886 0150 05       		.uleb128 0x5
 1887 0151 00       		.byte	0
 1888 0152 03       		.uleb128 0x3
 1889 0153 08       		.uleb128 0x8
 1890 0154 3A       		.uleb128 0x3a
 1891 0155 0B       		.uleb128 0xb
 1892 0156 3B       		.uleb128 0x3b
 1893 0157 0B       		.uleb128 0xb
 1894 0158 49       		.uleb128 0x49
 1895 0159 13       		.uleb128 0x13
 1896 015a 02       		.uleb128 0x2
 1897 015b 06       		.uleb128 0x6
 1898 015c 00       		.byte	0
 1899 015d 00       		.byte	0
 1900 015e 1C       		.uleb128 0x1c
 1901 015f 898201   		.uleb128 0x4109
 1902 0162 01       		.byte	0x1
 1903 0163 11       		.uleb128 0x11
 1904 0164 01       		.uleb128 0x1
 1905 0165 31       		.uleb128 0x31
 1906 0166 13       		.uleb128 0x13
 1907 0167 01       		.uleb128 0x1
 1908 0168 13       		.uleb128 0x13
 1909 0169 00       		.byte	0
 1910 016a 00       		.byte	0
 1911 016b 1D       		.uleb128 0x1d
 1912 016c 8A8201   		.uleb128 0x410a
 1913 016f 00       		.byte	0
 1914 0170 02       		.uleb128 0x2
 1915 0171 0A       		.uleb128 0xa
 1916 0172 9142     		.uleb128 0x2111
 1917 0174 0A       		.uleb128 0xa
 1918 0175 00       		.byte	0
 1919 0176 00       		.byte	0
 1920 0177 1E       		.uleb128 0x1e
 1921 0178 898201   		.uleb128 0x4109
 1922 017b 01       		.byte	0x1
 1923 017c 11       		.uleb128 0x11
 1924 017d 01       		.uleb128 0x1
 1925 017e 31       		.uleb128 0x31
 1926 017f 13       		.uleb128 0x13
 1927 0180 00       		.byte	0
 1928 0181 00       		.byte	0
 1929 0182 1F       		.uleb128 0x1f
 1930 0183 2E       		.uleb128 0x2e
 1931 0184 01       		.byte	0x1
 1932 0185 3F       		.uleb128 0x3f
 1933 0186 0C       		.uleb128 0xc
 1934 0187 03       		.uleb128 0x3
 1935 0188 0E       		.uleb128 0xe
 1936 0189 3A       		.uleb128 0x3a
ARM GAS  /tmp/ccnMnone.s 			page 35


 1937 018a 0B       		.uleb128 0xb
 1938 018b 3B       		.uleb128 0x3b
 1939 018c 0B       		.uleb128 0xb
 1940 018d 27       		.uleb128 0x27
 1941 018e 0C       		.uleb128 0xc
 1942 018f 11       		.uleb128 0x11
 1943 0190 01       		.uleb128 0x1
 1944 0191 12       		.uleb128 0x12
 1945 0192 01       		.uleb128 0x1
 1946 0193 40       		.uleb128 0x40
 1947 0194 06       		.uleb128 0x6
 1948 0195 9742     		.uleb128 0x2117
 1949 0197 0C       		.uleb128 0xc
 1950 0198 01       		.uleb128 0x1
 1951 0199 13       		.uleb128 0x13
 1952 019a 00       		.byte	0
 1953 019b 00       		.byte	0
 1954 019c 20       		.uleb128 0x20
 1955 019d 898201   		.uleb128 0x4109
 1956 01a0 01       		.byte	0x1
 1957 01a1 11       		.uleb128 0x11
 1958 01a2 01       		.uleb128 0x1
 1959 01a3 9542     		.uleb128 0x2115
 1960 01a5 0C       		.uleb128 0xc
 1961 01a6 31       		.uleb128 0x31
 1962 01a7 13       		.uleb128 0x13
 1963 01a8 00       		.byte	0
 1964 01a9 00       		.byte	0
 1965 01aa 21       		.uleb128 0x21
 1966 01ab 01       		.uleb128 0x1
 1967 01ac 01       		.byte	0x1
 1968 01ad 49       		.uleb128 0x49
 1969 01ae 13       		.uleb128 0x13
 1970 01af 01       		.uleb128 0x1
 1971 01b0 13       		.uleb128 0x13
 1972 01b1 00       		.byte	0
 1973 01b2 00       		.byte	0
 1974 01b3 22       		.uleb128 0x22
 1975 01b4 21       		.uleb128 0x21
 1976 01b5 00       		.byte	0
 1977 01b6 49       		.uleb128 0x49
 1978 01b7 13       		.uleb128 0x13
 1979 01b8 2F       		.uleb128 0x2f
 1980 01b9 0B       		.uleb128 0xb
 1981 01ba 00       		.byte	0
 1982 01bb 00       		.byte	0
 1983 01bc 23       		.uleb128 0x23
 1984 01bd 34       		.uleb128 0x34
 1985 01be 00       		.byte	0
 1986 01bf 03       		.uleb128 0x3
 1987 01c0 0E       		.uleb128 0xe
 1988 01c1 3A       		.uleb128 0x3a
 1989 01c2 0B       		.uleb128 0xb
 1990 01c3 3B       		.uleb128 0x3b
 1991 01c4 0B       		.uleb128 0xb
 1992 01c5 49       		.uleb128 0x49
 1993 01c6 13       		.uleb128 0x13
ARM GAS  /tmp/ccnMnone.s 			page 36


 1994 01c7 02       		.uleb128 0x2
 1995 01c8 0A       		.uleb128 0xa
 1996 01c9 00       		.byte	0
 1997 01ca 00       		.byte	0
 1998 01cb 24       		.uleb128 0x24
 1999 01cc 34       		.uleb128 0x34
 2000 01cd 00       		.byte	0
 2001 01ce 03       		.uleb128 0x3
 2002 01cf 0E       		.uleb128 0xe
 2003 01d0 3A       		.uleb128 0x3a
 2004 01d1 0B       		.uleb128 0xb
 2005 01d2 3B       		.uleb128 0x3b
 2006 01d3 05       		.uleb128 0x5
 2007 01d4 49       		.uleb128 0x49
 2008 01d5 13       		.uleb128 0x13
 2009 01d6 3F       		.uleb128 0x3f
 2010 01d7 0C       		.uleb128 0xc
 2011 01d8 3C       		.uleb128 0x3c
 2012 01d9 0C       		.uleb128 0xc
 2013 01da 00       		.byte	0
 2014 01db 00       		.byte	0
 2015 01dc 25       		.uleb128 0x25
 2016 01dd 2E       		.uleb128 0x2e
 2017 01de 01       		.byte	0x1
 2018 01df 3F       		.uleb128 0x3f
 2019 01e0 0C       		.uleb128 0xc
 2020 01e1 03       		.uleb128 0x3
 2021 01e2 0E       		.uleb128 0xe
 2022 01e3 3A       		.uleb128 0x3a
 2023 01e4 0B       		.uleb128 0xb
 2024 01e5 3B       		.uleb128 0x3b
 2025 01e6 05       		.uleb128 0x5
 2026 01e7 27       		.uleb128 0x27
 2027 01e8 0C       		.uleb128 0xc
 2028 01e9 3C       		.uleb128 0x3c
 2029 01ea 0C       		.uleb128 0xc
 2030 01eb 01       		.uleb128 0x1
 2031 01ec 13       		.uleb128 0x13
 2032 01ed 00       		.byte	0
 2033 01ee 00       		.byte	0
 2034 01ef 26       		.uleb128 0x26
 2035 01f0 26       		.uleb128 0x26
 2036 01f1 00       		.byte	0
 2037 01f2 00       		.byte	0
 2038 01f3 00       		.byte	0
 2039 01f4 27       		.uleb128 0x27
 2040 01f5 2E       		.uleb128 0x2e
 2041 01f6 01       		.byte	0x1
 2042 01f7 3F       		.uleb128 0x3f
 2043 01f8 0C       		.uleb128 0xc
 2044 01f9 03       		.uleb128 0x3
 2045 01fa 0E       		.uleb128 0xe
 2046 01fb 3A       		.uleb128 0x3a
 2047 01fc 0B       		.uleb128 0xb
 2048 01fd 3B       		.uleb128 0x3b
 2049 01fe 05       		.uleb128 0x5
 2050 01ff 27       		.uleb128 0x27
ARM GAS  /tmp/ccnMnone.s 			page 37


 2051 0200 0C       		.uleb128 0xc
 2052 0201 3C       		.uleb128 0x3c
 2053 0202 0C       		.uleb128 0xc
 2054 0203 00       		.byte	0
 2055 0204 00       		.byte	0
 2056 0205 00       		.byte	0
 2057              		.section	.debug_loc,"",%progbits
 2058              	.Ldebug_loc0:
 2059              	.LLST0:
 2060 0000 00000000 		.4byte	.LFB118
 2061 0004 02000000 		.4byte	.LCFI0
 2062 0008 0200     		.2byte	0x2
 2063 000a 7D       		.byte	0x7d
 2064 000b 00       		.sleb128 0
 2065 000c 02000000 		.4byte	.LCFI0
 2066 0010 3A000000 		.4byte	.LFE118
 2067 0014 0200     		.2byte	0x2
 2068 0016 7D       		.byte	0x7d
 2069 0017 18       		.sleb128 24
 2070 0018 00000000 		.4byte	0
 2071 001c 00000000 		.4byte	0
 2072              	.LLST1:
 2073 0020 00000000 		.4byte	.LVL0
 2074 0024 1D000000 		.4byte	.LVL1-1
 2075 0028 0100     		.2byte	0x1
 2076 002a 50       		.byte	0x50
 2077 002b 1D000000 		.4byte	.LVL1-1
 2078 002f 3A000000 		.4byte	.LFE118
 2079 0033 0100     		.2byte	0x1
 2080 0035 56       		.byte	0x56
 2081 0036 00000000 		.4byte	0
 2082 003a 00000000 		.4byte	0
 2083              	.LLST2:
 2084 003e 00000000 		.4byte	.LVL0
 2085 0042 1D000000 		.4byte	.LVL1-1
 2086 0046 0100     		.2byte	0x1
 2087 0048 51       		.byte	0x51
 2088 0049 1D000000 		.4byte	.LVL1-1
 2089 004d 3A000000 		.4byte	.LFE118
 2090 0051 0400     		.2byte	0x4
 2091 0053 F3       		.byte	0xf3
 2092 0054 01       		.uleb128 0x1
 2093 0055 51       		.byte	0x51
 2094 0056 9F       		.byte	0x9f
 2095 0057 00000000 		.4byte	0
 2096 005b 00000000 		.4byte	0
 2097              	.LLST3:
 2098 005f 00000000 		.4byte	.LFB119
 2099 0063 02000000 		.4byte	.LCFI1
 2100 0067 0200     		.2byte	0x2
 2101 0069 7D       		.byte	0x7d
 2102 006a 00       		.sleb128 0
 2103 006b 02000000 		.4byte	.LCFI1
 2104 006f 48000000 		.4byte	.LFE119
 2105 0073 0200     		.2byte	0x2
 2106 0075 7D       		.byte	0x7d
 2107 0076 18       		.sleb128 24
ARM GAS  /tmp/ccnMnone.s 			page 38


 2108 0077 00000000 		.4byte	0
 2109 007b 00000000 		.4byte	0
 2110              	.LLST4:
 2111 007f 00000000 		.4byte	.LVL4
 2112 0083 27000000 		.4byte	.LVL7-1
 2113 0087 0100     		.2byte	0x1
 2114 0089 50       		.byte	0x50
 2115 008a 27000000 		.4byte	.LVL7-1
 2116 008e 42000000 		.4byte	.LVL9
 2117 0092 0100     		.2byte	0x1
 2118 0094 56       		.byte	0x56
 2119 0095 42000000 		.4byte	.LVL9
 2120 0099 48000000 		.4byte	.LFE119
 2121 009d 0100     		.2byte	0x1
 2122 009f 50       		.byte	0x50
 2123 00a0 00000000 		.4byte	0
 2124 00a4 00000000 		.4byte	0
 2125              	.LLST5:
 2126 00a8 00000000 		.4byte	.LVL4
 2127 00ac 0A000000 		.4byte	.LVL5
 2128 00b0 0100     		.2byte	0x1
 2129 00b2 51       		.byte	0x51
 2130 00b3 0A000000 		.4byte	.LVL5
 2131 00b7 48000000 		.4byte	.LFE119
 2132 00bb 0400     		.2byte	0x4
 2133 00bd F3       		.byte	0xf3
 2134 00be 01       		.uleb128 0x1
 2135 00bf 51       		.byte	0x51
 2136 00c0 9F       		.byte	0x9f
 2137 00c1 00000000 		.4byte	0
 2138 00c5 00000000 		.4byte	0
 2139              	.LLST6:
 2140 00c9 00000000 		.4byte	.LVL4
 2141 00cd 18000000 		.4byte	.LVL6
 2142 00d1 0100     		.2byte	0x1
 2143 00d3 52       		.byte	0x52
 2144 00d4 18000000 		.4byte	.LVL6
 2145 00d8 48000000 		.4byte	.LFE119
 2146 00dc 0400     		.2byte	0x4
 2147 00de F3       		.byte	0xf3
 2148 00df 01       		.uleb128 0x1
 2149 00e0 52       		.byte	0x52
 2150 00e1 9F       		.byte	0x9f
 2151 00e2 00000000 		.4byte	0
 2152 00e6 00000000 		.4byte	0
 2153              		.section	.debug_aranges,"",%progbits
 2154 0000 24000000 		.4byte	0x24
 2155 0004 0200     		.2byte	0x2
 2156 0006 00000000 		.4byte	.Ldebug_info0
 2157 000a 04       		.byte	0x4
 2158 000b 00       		.byte	0
 2159 000c 0000     		.2byte	0
 2160 000e 0000     		.2byte	0
 2161 0010 00000000 		.4byte	.LFB118
 2162 0014 3A000000 		.4byte	.LFE118-.LFB118
 2163 0018 00000000 		.4byte	.LFB119
 2164 001c 48000000 		.4byte	.LFE119-.LFB119
ARM GAS  /tmp/ccnMnone.s 			page 39


 2165 0020 00000000 		.4byte	0
 2166 0024 00000000 		.4byte	0
 2167              		.section	.debug_ranges,"",%progbits
 2168              	.Ldebug_ranges0:
 2169 0000 00000000 		.4byte	.LFB118
 2170 0004 3A000000 		.4byte	.LFE118
 2171 0008 00000000 		.4byte	.LFB119
 2172 000c 48000000 		.4byte	.LFE119
 2173 0010 00000000 		.4byte	0
 2174 0014 00000000 		.4byte	0
 2175              		.section	.debug_line,"",%progbits
 2176              	.Ldebug_line0:
 2177 0000 85020000 		.section	.debug_str,"MS",%progbits,1
 2177      02004302 
 2177      00000201 
 2177      FB0E0D00 
 2177      01010101 
 2178              	.LASF104:
 2179 0000 646D6172 		.ascii	"dmarx\000"
 2179      7800
 2180              	.LASF58:
 2181 0006 4D304152 		.ascii	"M0AR\000"
 2181      00
 2182              	.LASF2:
 2183 000b 73697A65 		.ascii	"size_t\000"
 2183      5F7400
 2184              	.LASF52:
 2185 0012 7264796D 		.ascii	"rdymsg\000"
 2185      736700
 2186              	.LASF84:
 2187 0019 4F545950 		.ascii	"OTYPER\000"
 2187      455200
 2188              	.LASF96:
 2189 0020 5350495F 		.ascii	"SPI_ACTIVE\000"
 2189      41435449 
 2189      564500
 2190              	.LASF76:
 2191 002b 73747265 		.ascii	"stream\000"
 2191      616D00
 2192              	.LASF83:
 2193 0032 4D4F4445 		.ascii	"MODER\000"
 2193      5200
 2194              	.LASF13:
 2195 0038 6C6F6E67 		.ascii	"long long unsigned int\000"
 2195      206C6F6E 
 2195      6720756E 
 2195      7369676E 
 2195      65642069 
 2196              	.LASF95:
 2197 004f 5350495F 		.ascii	"SPI_READY\000"
 2197      52454144 
 2197      5900
 2198              	.LASF65:
 2199 0059 43524350 		.ascii	"CRCPR\000"
 2199      5200
 2200              	.LASF86:
 2201 005f 50555044 		.ascii	"PUPDR\000"
ARM GAS  /tmp/ccnMnone.s 			page 40


 2201      5200
 2202              	.LASF53:
 2203 0065 65786974 		.ascii	"exitcode\000"
 2203      636F6465 
 2203      00
 2204              	.LASF80:
 2205 006e 76656374 		.ascii	"vector\000"
 2205      6F7200
 2206              	.LASF124:
 2207 0075 6C697333 		.ascii	"lis302dlWriteRegister\000"
 2207      3032646C 
 2207      57726974 
 2207      65526567 
 2207      69737465 
 2208              	.LASF99:
 2209 008b 53504944 		.ascii	"SPIDriver\000"
 2209      72697665 
 2209      7200
 2210              	.LASF110:
 2211 0095 7373706F 		.ascii	"ssport\000"
 2211      727400
 2212              	.LASF125:
 2213 009c 49544D5F 		.ascii	"ITM_RxBuffer\000"
 2213      52784275 
 2213      66666572 
 2213      00
 2214              	.LASF116:
 2215 00a9 72786275 		.ascii	"rxbuf\000"
 2215      6600
 2216              	.LASF25:
 2217 00af 705F7072 		.ascii	"p_prio\000"
 2217      696F00
 2218              	.LASF111:
 2219 00b6 73737061 		.ascii	"sspad\000"
 2219      6400
 2220              	.LASF12:
 2221 00bc 6C6F6E67 		.ascii	"long long int\000"
 2221      206C6F6E 
 2221      6720696E 
 2221      7400
 2222              	.LASF1:
 2223 00ca 7369676E 		.ascii	"signed char\000"
 2223      65642063 
 2223      68617200 
 2224              	.LASF87:
 2225 00d6 42535252 		.ascii	"BSRR\000"
 2225      00
 2226              	.LASF94:
 2227 00db 5350495F 		.ascii	"SPI_STOP\000"
 2227      53544F50 
 2227      00
 2228              	.LASF71:
 2229 00e4 49325343 		.ascii	"I2SCFGR\000"
 2229      46475200 
 2230              	.LASF49:
 2231 00ec 6D5F7175 		.ascii	"m_queue\000"
 2231      65756500 
ARM GAS  /tmp/ccnMnone.s 			page 41


 2232              	.LASF17:
 2233 00f4 74736C69 		.ascii	"tslices_t\000"
 2233      6365735F 
 2233      7400
 2234              	.LASF120:
 2235 00fe 474E5520 		.ascii	"GNU C 4.7.4 20130913 (release) [ARM/embedded-4_7-br"
 2235      4320342E 
 2235      372E3420 
 2235      32303133 
 2235      30393133 
 2236 0131 616E6368 		.ascii	"anch revision 202601]\000"
 2236      20726576 
 2236      6973696F 
 2236      6E203230 
 2236      32363031 
 2237              	.LASF108:
 2238 0147 73706963 		.ascii	"spicallback_t\000"
 2238      616C6C62 
 2238      61636B5F 
 2238      7400
 2239              	.LASF100:
 2240 0155 73746174 		.ascii	"state\000"
 2240      6500
 2241              	.LASF9:
 2242 015b 6C6F6E67 		.ascii	"long int\000"
 2242      20696E74 
 2242      00
 2243              	.LASF15:
 2244 0164 74737461 		.ascii	"tstate_t\000"
 2244      74655F74 
 2244      00
 2245              	.LASF102:
 2246 016d 74687265 		.ascii	"thread\000"
 2246      616400
 2247              	.LASF6:
 2248 0174 75696E74 		.ascii	"uint16_t\000"
 2248      31365F74 
 2248      00
 2249              	.LASF34:
 2250 017d 705F7469 		.ascii	"p_time\000"
 2250      6D6500
 2251              	.LASF122:
 2252 0184 2F426967 		.ascii	"/BigDriver/home/nacho/WORKHOME/programacion/chibiOS"
 2252      44726976 
 2252      65722F68 
 2252      6F6D652F 
 2252      6E616368 
 2253 01b7 2F636869 		.ascii	"/chibios/nacho/lx200\000"
 2253      62696F73 
 2253      2F6E6163 
 2253      686F2F6C 
 2253      78323030 
 2254              	.LASF27:
 2255 01cc 705F6E65 		.ascii	"p_newer\000"
 2255      77657200 
 2256              	.LASF109:
 2257 01d4 656E645F 		.ascii	"end_cb\000"
ARM GAS  /tmp/ccnMnone.s 			page 42


 2257      636200
 2258              	.LASF106:
 2259 01db 7278646D 		.ascii	"rxdmamode\000"
 2259      616D6F64 
 2259      6500
 2260              	.LASF91:
 2261 01e5 4750494F 		.ascii	"GPIO_TypeDef\000"
 2261      5F547970 
 2261      65446566 
 2261      00
 2262              	.LASF105:
 2263 01f2 646D6174 		.ascii	"dmatx\000"
 2263      7800
 2264              	.LASF85:
 2265 01f8 4F535045 		.ascii	"OSPEEDR\000"
 2265      45445200 
 2266              	.LASF126:
 2267 0200 73706953 		.ascii	"spiSend\000"
 2267      656E6400 
 2268              	.LASF41:
 2269 0208 705F6D70 		.ascii	"p_mpool\000"
 2269      6F6F6C00 
 2270              	.LASF44:
 2271 0210 72656761 		.ascii	"regarm_t\000"
 2271      726D5F74 
 2271      00
 2272              	.LASF79:
 2273 0219 73656C66 		.ascii	"selfindex\000"
 2273      696E6465 
 2273      7800
 2274              	.LASF119:
 2275 0223 73706955 		.ascii	"spiUnselect\000"
 2275      6E73656C 
 2275      65637400 
 2276              	.LASF114:
 2277 022f 76616C75 		.ascii	"value\000"
 2277      6500
 2278              	.LASF0:
 2279 0235 756E7369 		.ascii	"unsigned int\000"
 2279      676E6564 
 2279      20696E74 
 2279      00
 2280              	.LASF115:
 2281 0242 74786275 		.ascii	"txbuf\000"
 2281      6600
 2282              	.LASF36:
 2283 0248 705F6D73 		.ascii	"p_msgqueue\000"
 2283      67717565 
 2283      756500
 2284              	.LASF88:
 2285 0253 4C434B52 		.ascii	"LCKR\000"
 2285      00
 2286              	.LASF78:
 2287 0258 69736869 		.ascii	"ishift\000"
 2287      667400
 2288              	.LASF7:
 2289 025f 73686F72 		.ascii	"short unsigned int\000"
ARM GAS  /tmp/ccnMnone.s 			page 43


 2289      7420756E 
 2289      7369676E 
 2289      65642069 
 2289      6E7400
 2290              	.LASF19:
 2291 0272 6D73675F 		.ascii	"msg_t\000"
 2291      7400
 2292              	.LASF14:
 2293 0278 746D6F64 		.ascii	"tmode_t\000"
 2293      655F7400 
 2294              	.LASF43:
 2295 0280 54687265 		.ascii	"ThreadsList\000"
 2295      6164734C 
 2295      69737400 
 2296              	.LASF20:
 2297 028c 6576656E 		.ascii	"eventmask_t\000"
 2297      746D6173 
 2297      6B5F7400 
 2298              	.LASF118:
 2299 0298 73706945 		.ascii	"spiExchange\000"
 2299      78636861 
 2299      6E676500 
 2300              	.LASF73:
 2301 02a4 49325350 		.ascii	"I2SPR\000"
 2301      5200
 2302              	.LASF47:
 2303 02aa 73697A65 		.ascii	"sizetype\000"
 2303      74797065 
 2303      00
 2304              	.LASF82:
 2305 02b3 636C6561 		.ascii	"clear\000"
 2305      7200
 2306              	.LASF48:
 2307 02b9 4D757465 		.ascii	"Mutex\000"
 2307      7800
 2308              	.LASF28:
 2309 02bf 705F6F6C 		.ascii	"p_older\000"
 2309      64657200 
 2310              	.LASF42:
 2311 02c7 54687265 		.ascii	"ThreadsQueue\000"
 2311      61647351 
 2311      75657565 
 2311      00
 2312              	.LASF107:
 2313 02d4 7478646D 		.ascii	"txdmamode\000"
 2313      616D6F64 
 2313      6500
 2314              	.LASF90:
 2315 02de 41465248 		.ascii	"AFRH\000"
 2315      00
 2316              	.LASF89:
 2317 02e3 4146524C 		.ascii	"AFRL\000"
 2317      00
 2318              	.LASF69:
 2319 02e8 54584352 		.ascii	"TXCRCR\000"
 2319      435200
 2320              	.LASF61:
ARM GAS  /tmp/ccnMnone.s 			page 44


 2321 02ef 52455345 		.ascii	"RESERVED0\000"
 2321      52564544 
 2321      3000
 2322              	.LASF62:
 2323 02f9 52455345 		.ascii	"RESERVED1\000"
 2323      52564544 
 2323      3100
 2324              	.LASF63:
 2325 0303 52455345 		.ascii	"RESERVED2\000"
 2325      52564544 
 2325      3200
 2326              	.LASF64:
 2327 030d 52455345 		.ascii	"RESERVED3\000"
 2327      52564544 
 2327      3300
 2328              	.LASF66:
 2329 0317 52455345 		.ascii	"RESERVED4\000"
 2329      52564544 
 2329      3400
 2330              	.LASF24:
 2331 0321 705F7072 		.ascii	"p_prev\000"
 2331      657600
 2332              	.LASF70:
 2333 0328 52455345 		.ascii	"RESERVED6\000"
 2333      52564544 
 2333      3600
 2334              	.LASF72:
 2335 0332 52455345 		.ascii	"RESERVED7\000"
 2335      52564544 
 2335      3700
 2336              	.LASF74:
 2337 033c 52455345 		.ascii	"RESERVED8\000"
 2337      52564544 
 2337      3800
 2338              	.LASF18:
 2339 0346 74707269 		.ascii	"tprio_t\000"
 2339      6F5F7400 
 2340              	.LASF103:
 2341 034e 6D757465 		.ascii	"mutex\000"
 2341      7800
 2342              	.LASF8:
 2343 0354 696E7433 		.ascii	"int32_t\000"
 2343      325F7400 
 2344              	.LASF4:
 2345 035c 756E7369 		.ascii	"unsigned char\000"
 2345      676E6564 
 2345      20636861 
 2345      7200
 2346              	.LASF81:
 2347 036a 73746D33 		.ascii	"stm32_dma_stream_t\000"
 2347      325F646D 
 2347      615F7374 
 2347      7265616D 
 2347      5F7400
 2348              	.LASF39:
 2349 037d 705F6D74 		.ascii	"p_mtxlist\000"
 2349      786C6973 
ARM GAS  /tmp/ccnMnone.s 			page 45


 2349      7400
 2350              	.LASF5:
 2351 0387 73686F72 		.ascii	"short int\000"
 2351      7420696E 
 2351      7400
 2352              	.LASF30:
 2353 0391 705F7374 		.ascii	"p_state\000"
 2353      61746500 
 2354              	.LASF33:
 2355 0399 705F7072 		.ascii	"p_preempt\000"
 2355      65656D70 
 2355      7400
 2356              	.LASF55:
 2357 03a3 65776D61 		.ascii	"ewmask\000"
 2357      736B00
 2358              	.LASF23:
 2359 03aa 705F6E65 		.ascii	"p_next\000"
 2359      787400
 2360              	.LASF31:
 2361 03b1 705F666C 		.ascii	"p_flags\000"
 2361      61677300 
 2362              	.LASF22:
 2363 03b9 54687265 		.ascii	"Thread\000"
 2363      616400
 2364              	.LASF38:
 2365 03c0 705F6570 		.ascii	"p_epending\000"
 2365      656E6469 
 2365      6E6700
 2366              	.LASF77:
 2367 03cb 69666372 		.ascii	"ifcr\000"
 2367      00
 2368              	.LASF68:
 2369 03d0 52455345 		.ascii	"RESERVED5\000"
 2369      52564544 
 2369      3500
 2370              	.LASF10:
 2371 03da 75696E74 		.ascii	"uint32_t\000"
 2371      33325F74 
 2371      00
 2372              	.LASF16:
 2373 03e3 74726566 		.ascii	"trefs_t\000"
 2373      735F7400 
 2374              	.LASF11:
 2375 03eb 6C6F6E67 		.ascii	"long unsigned int\000"
 2375      20756E73 
 2375      69676E65 
 2375      6420696E 
 2375      7400
 2376              	.LASF75:
 2377 03fd 5350495F 		.ascii	"SPI_TypeDef\000"
 2377      54797065 
 2377      44656600 
 2378              	.LASF56:
 2379 0409 63686172 		.ascii	"char\000"
 2379      00
 2380              	.LASF97:
 2381 040e 5350495F 		.ascii	"SPI_COMPLETE\000"
ARM GAS  /tmp/ccnMnone.s 			page 46


 2381      434F4D50 
 2381      4C455445 
 2381      00
 2382              	.LASF101:
 2383 041b 636F6E66 		.ascii	"config\000"
 2383      696700
 2384              	.LASF98:
 2385 0422 73706973 		.ascii	"spistate_t\000"
 2385      74617465 
 2385      5F7400
 2386              	.LASF51:
 2387 042d 6D5F6E65 		.ascii	"m_next\000"
 2387      787400
 2388              	.LASF21:
 2389 0434 73797374 		.ascii	"systime_t\000"
 2389      696D655F 
 2389      7400
 2390              	.LASF40:
 2391 043e 705F7265 		.ascii	"p_realprio\000"
 2391      616C7072 
 2391      696F00
 2392              	.LASF57:
 2393 0449 4E445452 		.ascii	"NDTR\000"
 2393      00
 2394              	.LASF60:
 2395 044e 444D415F 		.ascii	"DMA_Stream_TypeDef\000"
 2395      53747265 
 2395      616D5F54 
 2395      79706544 
 2395      656600
 2396              	.LASF92:
 2397 0461 696F706F 		.ascii	"ioportid_t\000"
 2397      72746964 
 2397      5F7400
 2398              	.LASF46:
 2399 046c 636F6E74 		.ascii	"context\000"
 2399      65787400 
 2400              	.LASF117:
 2401 0474 73706953 		.ascii	"spiSelect\000"
 2401      656C6563 
 2401      7400
 2402              	.LASF45:
 2403 047e 696E7463 		.ascii	"intctx\000"
 2403      747800
 2404              	.LASF59:
 2405 0485 4D314152 		.ascii	"M1AR\000"
 2405      00
 2406              	.LASF93:
 2407 048a 5350495F 		.ascii	"SPI_UNINIT\000"
 2407      554E494E 
 2407      495400
 2408              	.LASF123:
 2409 0495 6C697333 		.ascii	"lis302dlReadRegister\000"
 2409      3032646C 
 2409      52656164 
 2409      52656769 
 2409      73746572 
ARM GAS  /tmp/ccnMnone.s 			page 47


 2410              	.LASF32:
 2411 04aa 705F7265 		.ascii	"p_refs\000"
 2411      667300
 2412              	.LASF67:
 2413 04b1 52584352 		.ascii	"RXCRCR\000"
 2413      435200
 2414              	.LASF3:
 2415 04b8 75696E74 		.ascii	"uint8_t\000"
 2415      385F7400 
 2416              	.LASF113:
 2417 04c0 73706970 		.ascii	"spip\000"
 2417      00
 2418              	.LASF54:
 2419 04c5 77746F62 		.ascii	"wtobjp\000"
 2419      6A7000
 2420              	.LASF29:
 2421 04cc 705F6E61 		.ascii	"p_name\000"
 2421      6D6500
 2422              	.LASF112:
 2423 04d3 53504943 		.ascii	"SPIConfig\000"
 2423      6F6E6669 
 2423      6700
 2424              	.LASF37:
 2425 04dd 705F6D73 		.ascii	"p_msg\000"
 2425      6700
 2426              	.LASF50:
 2427 04e3 6D5F6F77 		.ascii	"m_owner\000"
 2427      6E657200 
 2428              	.LASF121:
 2429 04eb 2E2E2F2E 		.ascii	"../../os/various/devices_lib/accel/lis302dl.c\000"
 2429      2E2F6F73 
 2429      2F766172 
 2429      696F7573 
 2429      2F646576 
 2430              	.LASF26:
 2431 0519 705F6374 		.ascii	"p_ctx\000"
 2431      7800
 2432              	.LASF35:
 2433 051f 705F7761 		.ascii	"p_waiting\000"
 2433      6974696E 
 2433      6700
 2434              		.ident	"GCC: (GNU Tools for ARM Embedded Processors) 4.7.4 20130913 (release) [ARM/embedded-4_7-br
ARM GAS  /tmp/ccnMnone.s 			page 48


DEFINED SYMBOLS
                            *ABS*:0000000000000000 lis302dl.c
     /tmp/ccnMnone.s:19     .text.lis302dlReadRegister:0000000000000000 $t
     /tmp/ccnMnone.s:25     .text.lis302dlReadRegister:0000000000000000 lis302dlReadRegister
     /tmp/ccnMnone.s:166    .bss.txbuf:0000000000000000 .LANCHOR0
     /tmp/ccnMnone.s:159    .bss.rxbuf:0000000000000000 .LANCHOR1
     /tmp/ccnMnone.s:82     .text.lis302dlWriteRegister:0000000000000000 $t
     /tmp/ccnMnone.s:88     .text.lis302dlWriteRegister:0000000000000000 lis302dlWriteRegister
     /tmp/ccnMnone.s:153    .text.lis302dlWriteRegister:0000000000000044 $d
     /tmp/ccnMnone.s:158    .bss.rxbuf:0000000000000000 $d
     /tmp/ccnMnone.s:162    .bss.rxbuf:0000000000000000 rxbuf
     /tmp/ccnMnone.s:165    .bss.txbuf:0000000000000000 $d
     /tmp/ccnMnone.s:169    .bss.txbuf:0000000000000000 txbuf
                     .debug_frame:0000000000000010 $d
     /tmp/ccnMnone.s:157    .text.lis302dlWriteRegister:0000000000000048 $t

UNDEFINED SYMBOLS
spiSelect
spiExchange
spiUnselect
spiSend
